This is pdfTeX, Version 3.141592653-2.6-1.40.22 (TeX Live 2022/dev/Debian) (preloaded format=pdflatex 2023.5.31)  6 JUN 2023 10:29
entering extended mode
 restricted \write18 enabled.
 %&-line parsing enabled.
**Manuscript_Colloids.tex
(./Manuscript_Colloids.tex
LaTeX2e <2021-11-15> patch level 1
L3 programming layer <2022-01-21> (./elsarticle.cls
Document Class: elsarticle 2020/11/20, 3.3: Elsevier Ltd
(/usr/share/texlive/texmf-dist/tex/latex/l3kernel/expl3.sty
Package: expl3 2022-01-21 L3 programming layer (loader) 

(/usr/share/texlive/texmf-dist/tex/latex/l3backend/l3backend-pdftex.def
File: l3backend-pdftex.def 2022-01-12 L3 backend support: PDF output (pdfTeX)
\l__color_backend_stack_int=\count185
\l__pdf_internal_box=\box50
))
(/usr/share/texlive/texmf-dist/tex/latex/l3packages/xparse/xparse.sty
Package: xparse 2022-01-12 L3 Experimental document command parser
)
(/usr/share/texlive/texmf-dist/tex/latex/etoolbox/etoolbox.sty
Package: etoolbox 2020/10/05 v2.5k e-TeX tools for LaTeX (JAW)
\etb@tempcnta=\count186
)
\@bls=\dimen138

(/usr/share/texlive/texmf-dist/tex/latex/base/article.cls
Document Class: article 2021/10/04 v1.4n Standard LaTeX document class
(/usr/share/texlive/texmf-dist/tex/latex/base/size10.clo
File: size10.clo 2021/10/04 v1.4n Standard LaTeX file (size option)
)
\c@part=\count187
\c@section=\count188
\c@subsection=\count189
\c@subsubsection=\count190
\c@paragraph=\count191
\c@subparagraph=\count192
\c@figure=\count193
\c@table=\count194
\abovecaptionskip=\skip47
\belowcaptionskip=\skip48
\bibindent=\dimen139
)
(/usr/share/texlive/texmf-dist/tex/latex/graphics/graphicx.sty
Package: graphicx 2021/09/16 v1.2d Enhanced LaTeX Graphics (DPC,SPQR)

(/usr/share/texlive/texmf-dist/tex/latex/graphics/keyval.sty
Package: keyval 2014/10/28 v1.15 key=value parser (DPC)
\KV@toks@=\toks16
)
(/usr/share/texlive/texmf-dist/tex/latex/graphics/graphics.sty
Package: graphics 2021/03/04 v1.4d Standard LaTeX Graphics (DPC,SPQR)

(/usr/share/texlive/texmf-dist/tex/latex/graphics/trig.sty
Package: trig 2021/08/11 v1.11 sin cos tan (DPC)
)
(/usr/share/texlive/texmf-dist/tex/latex/graphics-cfg/graphics.cfg
File: graphics.cfg 2016/06/04 v1.11 sample graphics configuration
)
Package graphics Info: Driver file: pdftex.def on input line 107.

(/usr/share/texlive/texmf-dist/tex/latex/graphics-def/pdftex.def
File: pdftex.def 2020/10/05 v1.2a Graphics/color driver for pdftex
))
\Gin@req@height=\dimen140
\Gin@req@width=\dimen141
)
\c@tnote=\count195
\c@fnote=\count196
\c@cnote=\count197
\c@ead=\count198
\c@author=\count199
\@eadauthor=\toks17
\c@affn=\count266
\absbox=\box51
\elsarticlehighlightsbox=\box52
\elsarticlegrabsbox=\box53
\keybox=\box54
\Columnwidth=\dimen142
\space@left=\dimen143
\els@boxa=\box55
\els@boxb=\box56
\leftMargin=\dimen144
\@enLab=\toks18
\@sep=\skip49
\@@sep=\skip50

(./Manuscript_Colloids.spl)
(/usr/share/texlive/texmf-dist/tex/latex/natbib/natbib.sty
Package: natbib 2010/09/13 8.31b (PWD, AO)
\bibhang=\skip51
\bibsep=\skip52
LaTeX Info: Redefining \cite on input line 694.
\c@NAT@ctr=\count267
)
\splwrite=\write3
\openout3 = `Manuscript_Colloids.spl'.


(/usr/share/texlive/texmf-dist/tex/latex/geometry/geometry.sty
Package: geometry 2020/01/02 v5.9 Page Geometry

(/usr/share/texlive/texmf-dist/tex/generic/iftex/ifvtex.sty
Package: ifvtex 2019/10/25 v1.7 ifvtex legacy package. Use iftex instead.

(/usr/share/texlive/texmf-dist/tex/generic/iftex/iftex.sty
Package: iftex 2020/03/06 v1.0d TeX engine tests
))
\Gm@cnth=\count268
\Gm@cntv=\count269
\c@Gm@tempcnt=\count270
\Gm@bindingoffset=\dimen145
\Gm@wd@mp=\dimen146
\Gm@odd@mp=\dimen147
\Gm@even@mp=\dimen148
\Gm@layoutwidth=\dimen149
\Gm@layoutheight=\dimen150
\Gm@layouthoffset=\dimen151
\Gm@layoutvoffset=\dimen152
\Gm@dimlist=\toks19
)
\appnamewidth=\dimen153
)
(/usr/share/texlive/texmf-dist/tex/latex/csvsimple/csvsimple.sty
(/usr/share/texlive/texmf-dist/tex/latex/l3packages/l3keys2e/l3keys2e.sty
Package: l3keys2e 2022-01-12 LaTeX2e option processing using LaTeX3 keys
)
Package: csvsimple 2022/02/01 v2.3.0 LaTeX CSV file processing
)
(/usr/share/texlive/texmf-dist/tex/latex/csvsimple/csvsimple-legacy.sty
Package: csvsimple-legacy 2022/02/01 version 2.3.0 LaTeX2e CSV file processing

(/usr/share/texlive/texmf-dist/tex/latex/pgf/utilities/pgfrcs.sty
(/usr/share/texlive/texmf-dist/tex/generic/pgf/utilities/pgfutil-common.tex
\pgfutil@everybye=\toks20
\pgfutil@tempdima=\dimen154
\pgfutil@tempdimb=\dimen155

(/usr/share/texlive/texmf-dist/tex/generic/pgf/utilities/pgfutil-common-lists.t
ex)) (/usr/share/texlive/texmf-dist/tex/generic/pgf/utilities/pgfutil-latex.def
\pgfutil@abb=\box57
) (/usr/share/texlive/texmf-dist/tex/generic/pgf/utilities/pgfrcs.code.tex
(/usr/share/texlive/texmf-dist/tex/generic/pgf/pgf.revision.tex)
Package: pgfrcs 2021/05/15 v3.1.9a (3.1.9a)
))
(/usr/share/texlive/texmf-dist/tex/latex/pgf/utilities/pgfkeys.sty
(/usr/share/texlive/texmf-dist/tex/generic/pgf/utilities/pgfkeys.code.tex
\pgfkeys@pathtoks=\toks21
\pgfkeys@temptoks=\toks22

(/usr/share/texlive/texmf-dist/tex/generic/pgf/utilities/pgfkeysfiltered.code.t
ex
\pgfkeys@tmptoks=\toks23
))) (/usr/share/texlive/texmf-dist/tex/latex/base/ifthen.sty
Package: ifthen 2020/11/24 v1.1c Standard LaTeX ifthen package (DPC)
)
(/usr/share/texlive/texmf-dist/tex/latex/tools/shellesc.sty
Package: shellesc 2019/11/08 v1.0c unified shell escape interface for LaTeX
Package shellesc Info: Restricted shell escape enabled on input line 77.
)
\csv@file=\read2
\c@csvinputline=\count271
\c@csvrow=\count272
\c@csvcol=\count273
\csv@out=\write4
)
(/usr/share/texlive/texmf-dist/tex/latex/amsfonts/amssymb.sty
Package: amssymb 2013/01/14 v3.01 AMS font symbols

(/usr/share/texlive/texmf-dist/tex/latex/amsfonts/amsfonts.sty
Package: amsfonts 2013/01/14 v3.01 Basic AMSFonts support
\@emptytoks=\toks24
\symAMSa=\mathgroup4
\symAMSb=\mathgroup5
LaTeX Font Info:    Redeclaring math symbol \hbar on input line 98.
LaTeX Font Info:    Overwriting math alphabet `\mathfrak' in version `bold'
(Font)                  U/euf/m/n --> U/euf/b/n on input line 106.
))
(/usr/share/texlive/texmf-dist/tex/latex/amscls/amsthm.sty
Package: amsthm 2020/05/29 v2.20.6
\thm@style=\toks25
\thm@bodyfont=\toks26
\thm@headfont=\toks27
\thm@notefont=\toks28
\thm@headpunct=\toks29
\thm@preskip=\skip53
\thm@postskip=\skip54
\thm@headsep=\skip55
\dth@everypar=\toks30
LaTeX Info: Redefining \qed on input line 273.
)
(/usr/share/texlive/texmf-dist/tex/latex/amsmath/amsmath.sty
Package: amsmath 2021/10/15 v2.17l AMS math features
\@mathmargin=\skip56

For additional information on amsmath, use the `?' option.
(/usr/share/texlive/texmf-dist/tex/latex/amsmath/amstext.sty
Package: amstext 2021/08/26 v2.01 AMS text

(/usr/share/texlive/texmf-dist/tex/latex/amsmath/amsgen.sty
File: amsgen.sty 1999/11/30 v2.0 generic functions
\@emptytoks=\toks31
\ex@=\dimen156
))
(/usr/share/texlive/texmf-dist/tex/latex/amsmath/amsbsy.sty
Package: amsbsy 1999/11/29 v1.2d Bold Symbols
\pmbraise@=\dimen157
)
(/usr/share/texlive/texmf-dist/tex/latex/amsmath/amsopn.sty
Package: amsopn 2021/08/26 v2.02 operator names
)
\inf@bad=\count274
LaTeX Info: Redefining \frac on input line 234.
\uproot@=\count275
\leftroot@=\count276
LaTeX Info: Redefining \overline on input line 399.
\classnum@=\count277
\DOTSCASE@=\count278
LaTeX Info: Redefining \ldots on input line 496.
LaTeX Info: Redefining \dots on input line 499.
LaTeX Info: Redefining \cdots on input line 620.
\Mathstrutbox@=\box58
\strutbox@=\box59
\big@size=\dimen158
LaTeX Font Info:    Redeclaring font encoding OML on input line 743.
LaTeX Font Info:    Redeclaring font encoding OMS on input line 744.
\macc@depth=\count279
\c@MaxMatrixCols=\count280
\dotsspace@=\muskip16
\c@parentequation=\count281
\dspbrk@lvl=\count282
\tag@help=\toks32
\row@=\count283
\column@=\count284
\maxfields@=\count285
\andhelp@=\toks33
\eqnshift@=\dimen159
\alignsep@=\dimen160
\tagshift@=\dimen161
\tagwidth@=\dimen162
\totwidth@=\dimen163
\lineht@=\dimen164
\@envbody=\toks34
\multlinegap=\skip57
\multlinetaggap=\skip58
\mathdisplay@stack=\toks35
LaTeX Info: Redefining \[ on input line 2938.
LaTeX Info: Redefining \] on input line 2939.
)
(/usr/share/texlive/texmf-dist/tex/latex/caption/subcaption.sty
Package: subcaption 2020/10/07 v1.3j Sub-captions (AR)

(/usr/share/texlive/texmf-dist/tex/latex/caption/caption.sty
Package: caption 2020/10/26 v3.5g Customizing captions (AR)

(/usr/share/texlive/texmf-dist/tex/latex/caption/caption3.sty
Package: caption3 2020/10/21 v2.2e caption3 kernel (AR)
\captionmargin=\dimen165
\captionmargin@=\dimen166
\captionwidth=\dimen167
\caption@tempdima=\dimen168
\caption@indent=\dimen169
\caption@parindent=\dimen170
\caption@hangindent=\dimen171
Package caption Info: elsarticle document class detected.

(/usr/share/texlive/texmf-dist/tex/latex/caption/caption-elsarticle.sto
File: caption-elsarticle.sto 2020/08/22 v2.0 Adaption of the caption package to
 the elsarticle document class (AR)
))
\c@caption@flags=\count286
\c@continuedfloat=\count287
)
\c@subfigure=\count288
\c@subtable=\count289
)
(/usr/share/texlive/texmf-dist/tex/latex/base/fontenc.sty
Package: fontenc 2021/04/29 v2.0v Standard LaTeX package
)
(/usr/share/texlive/texmf-dist/tex/generic/babel/babel.sty
Package: babel 2022/01/26 3.70 The Babel package
\babel@savecnt=\count290
\U@D=\dimen172
\l@unhyphenated=\language3

(/usr/share/texlive/texmf-dist/tex/generic/babel/txtbabel.def)
\bbl@readstream=\read3
\bbl@dirlevel=\count291
Package babel Info: You haven't specified a language. I'll use 'nil'
(babel)             as the main language. Reported on input line 4299.

(/usr/share/texlive/texmf-dist/tex/generic/babel/nil.ldf
Language: nil 2022/01/26 3.70 Nil language
\l@nil=\language4
))
(/usr/share/texlive/texmf-dist/tex/latex/wrapfig/wrapfig.sty
\wrapoverhang=\dimen173
\WF@size=\dimen174
\c@WF@wrappedlines=\count292
\WF@box=\box60
\WF@everypar=\toks36
Package: wrapfig 2003/01/31  v 3.6
)
(/usr/share/texlive/texmf-dist/tex/latex/fancyref/fancyref.sty
Package: fancyref 1999/02/03 v0.9c Fancy cross-referencing

(/usr/share/texlive/texmf-dist/tex/latex/tools/varioref.sty
Package: varioref 2021/07/07 v1.6f package for extended references (FMi)
\c@vrcnt=\count293
))
(/usr/share/texlive/texmf-dist/tex/latex/lineno/lineno.sty
Package: lineno 2005/11/02 line numbers on paragraphs v4.41
\linenopenalty=\count294
\output=\toks37
\linenoprevgraf=\count295
\linenumbersep=\dimen175
\linenumberwidth=\dimen176
\c@linenumber=\count296
\c@pagewiselinenumber=\count297
\c@LN@truepage=\count298
\c@internallinenumber=\count299
\c@internallinenumbers=\count300
\quotelinenumbersep=\dimen177
\bframerule=\dimen178
\bframesep=\dimen179
\bframebox=\box61
LaTeX Info: Redefining \\ on input line 3056.
)
(/usr/share/texlive/texmf-dist/tex/latex/graphics/color.sty
Package: color 2021/12/07 v1.3c Standard LaTeX Color (DPC)

(/usr/share/texlive/texmf-dist/tex/latex/graphics-cfg/color.cfg
File: color.cfg 2016/01/02 v1.6 sample color configuration
)
Package color Info: Driver file: pdftex.def on input line 149.
)
(/usr/share/texlive/texmf-dist/tex/latex/nomencl/nomencl.sty
Package: nomencl 2021/11/10 v5.6 Nomenclature package

(/usr/share/texlive/texmf-dist/tex/latex/xkeyval/xkeyval.sty
Package: xkeyval 2020/11/20 v2.8 package option processing (HA)

(/usr/share/texlive/texmf-dist/tex/generic/xkeyval/xkeyval.tex
(/usr/share/texlive/texmf-dist/tex/generic/xkeyval/xkvutils.tex
\XKV@toks=\toks38
\XKV@tempa@toks=\toks39
)
\XKV@depth=\count301
File: xkeyval.tex 2014/12/03 v2.7a key=value parser (HA)
))
(/usr/share/texlive/texmf-dist/tex/latex/koma-script/tocbasic.sty
Package: tocbasic 2021/11/13 v3.35 KOMA-Script package (handling toc-files)

(/usr/share/texlive/texmf-dist/tex/latex/koma-script/scrbase.sty
Package: scrbase 2021/11/13 v3.35 KOMA-Script package (KOMA-Script-independent 
basics and keyval usage)

(/usr/share/texlive/texmf-dist/tex/latex/koma-script/scrlfile.sty
Package: scrlfile 2021/11/13 v3.35 KOMA-Script package (file load hooks)

(/usr/share/texlive/texmf-dist/tex/latex/koma-script/scrlfile-hook.sty
Package: scrlfile-hook 2021/11/13 v3.35 KOMA-Script package (using LaTeX hooks)


(/usr/share/texlive/texmf-dist/tex/latex/koma-script/scrlogo.sty
Package: scrlogo 2021/11/13 v3.35 KOMA-Script package (logo)
)))
Applying: [2021/05/01] Usage of raw or classic option list on input line 252.
Already applied: [0000/00/00] Usage of raw or classic option list on input line
 368.
)
\scr@dte@tocline@numberwidth=\skip59
\scr@dte@tocline@numbox=\box62
)
Package tocbasic Info: setting babel extension for `nlo' on input line 187.
Package tocbasic Info: setting babel extension for `nls' on input line 188.
\nomlabelwidth=\dimen180
\nom@tempdim=\dimen181
\nomitemsep=\skip60
)
(/usr/share/texlive/texmf-dist/tex/latex/tools/tabularx.sty
Package: tabularx 2020/01/15 v2.11c `tabularx' package (DPC)

(/usr/share/texlive/texmf-dist/tex/latex/tools/array.sty
Package: array 2021/10/04 v2.5f Tabular extension package (FMi)
\col@sep=\dimen182
\ar@mcellbox=\box63
\extrarowheight=\dimen183
\NC@list=\toks40
\extratabsurround=\skip61
\backup@length=\skip62
\ar@cellbox=\box64
)
\TX@col@width=\dimen184
\TX@old@table=\dimen185
\TX@old@col=\dimen186
\TX@target=\dimen187
\TX@delta=\dimen188
\TX@cols=\count302
\TX@ftn=\toks41
)
\@nomenclaturefile=\write5
\openout5 = `Manuscript_Colloids.nlo'.

Package nomencl Info: Writing nomenclature file Manuscript_Colloids.nlo on inpu
t line 17.

(./Manuscript_Colloids.aux)
\openout1 = `Manuscript_Colloids.aux'.

LaTeX Font Info:    Checking defaults for OML/cmm/m/it on input line 22.
LaTeX Font Info:    ... okay on input line 22.
LaTeX Font Info:    Checking defaults for OMS/cmsy/m/n on input line 22.
LaTeX Font Info:    ... okay on input line 22.
LaTeX Font Info:    Checking defaults for OT1/cmr/m/n on input line 22.
LaTeX Font Info:    ... okay on input line 22.
LaTeX Font Info:    Checking defaults for T1/cmr/m/n on input line 22.
LaTeX Font Info:    ... okay on input line 22.
LaTeX Font Info:    Checking defaults for TS1/cmr/m/n on input line 22.
LaTeX Font Info:    ... okay on input line 22.
LaTeX Font Info:    Checking defaults for OMX/cmex/m/n on input line 22.
LaTeX Font Info:    ... okay on input line 22.
LaTeX Font Info:    Checking defaults for U/cmr/m/n on input line 22.
LaTeX Font Info:    ... okay on input line 22.

(/usr/share/texlive/texmf-dist/tex/context/base/mkii/supp-pdf.mkii
[Loading MPS to PDF converter (version 2006.09.02).]
\scratchcounter=\count303
\scratchdimen=\dimen189
\scratchbox=\box65
\nofMPsegments=\count304
\nofMParguments=\count305
\everyMPshowfont=\toks42
\MPscratchCnt=\count306
\MPscratchDim=\dimen190
\MPnumerator=\count307
\makeMPintoPDFobject=\count308
\everyMPtoPDFconversion=\toks43
) (/usr/share/texlive/texmf-dist/tex/latex/epstopdf-pkg/epstopdf-base.sty
Package: epstopdf-base 2020-01-24 v2.11 Base part for package epstopdf
Package epstopdf-base Info: Redefining graphics rule for `.eps' on input line 4
85.

(/usr/share/texlive/texmf-dist/tex/latex/latexconfig/epstopdf-sys.cfg
File: epstopdf-sys.cfg 2010/07/13 v1.3 Configuration of (r)epstopdf for TeX Liv
e
))
*geometry* driver: auto-detecting
*geometry* detected driver: pdftex
*geometry* verbose mode - [ preamble ] result:
* driver: pdftex
* paper: custom
* layout: <same size as paper>
* layoutoffset:(h,v)=(0.0pt,0.0pt)
* hratio: 1:1
* vratio: 1:1
* modes: 
* h-part:(L,W,R)=(64.75394pt, 468.0pt, 64.75394pt)
* v-part:(T,H,B)=(111.52342pt, 622.0pt, 111.52342pt)
* \paperwidth=597.50787pt
* \paperheight=845.04684pt
* \textwidth=468.0pt
* \textheight=622.0pt
* \oddsidemargin=-7.51605pt
* \evensidemargin=-7.51605pt
* \topmargin=-22.74657pt
* \headheight=50.0pt
* \headsep=12.0pt
* \topskip=10.0pt
* \footskip=18.0pt
* \marginparwidth=65.0pt
* \marginparsep=11.0pt
* \columnsep=24.0pt
* \skip\footins=24.0pt plus 2.0pt minus 12.0pt
* \hoffset=0.0pt
* \voffset=0.0pt
* \mag=1000
* \@twocolumnfalse
* \@twosidefalse
* \@mparswitchfalse
* \@reversemarginfalse
* (1in=72.27pt=25.4mm, 1cm=28.453pt)

Package caption Info: Begin \AtBeginDocument code.
Package caption Info: wrapfig package is loaded.
Package caption Info: End \AtBeginDocument code.

Overfull \hbox (12.8548pt too wide) in paragraph at lines 58--80
\T1/cmr/m/n/10 While optical trapping is a well understood method for force tra
nsduction and detection, further characterisation
 []

LaTeX Font Info:    Trying to load font information for U+msa on input line 93.

(/usr/share/texlive/texmf-dist/tex/latex/amsfonts/umsa.fd
File: umsa.fd 2013/01/14 v3.01 AMS symbols A
)
LaTeX Font Info:    Trying to load font information for U+msb on input line 93.


(/usr/share/texlive/texmf-dist/tex/latex/amsfonts/umsb.fd
File: umsb.fd 2013/01/14 v3.01 AMS symbols B
)
LaTeX Font Info:    Trying to load font information for T1+cmtt on input line 9
3.

(/usr/share/texlive/texmf-dist/tex/latex/base/t1cmtt.fd
File: t1cmtt.fd 2019/12/16 v2.5j Standard LaTeX font definitions
)
Overfull \hbox (2.22168pt too wide) has occurred while \output is active
[] 
 []

[1

{/var/lib/texmf/fonts/map/pdftex/updmap/pdftex.map}]

Package natbib Warning: Citation `Cang2006' on page 2 undefined on input line 1
06.

[2]
<./Images/fig1a.png, id=20, 924.45375pt x 618.31pt>
File: ./Images/fig1a.png Graphic file (type png)
<use ./Images/fig1a.png>
Package pdftex.def Info: ./Images/fig1a.png  used on input line 114.
(pdftex.def)             Requested size: 210.58862pt x 155.50171pt.
<./Images/fig1b.png, id=22, 1083.04625pt x 687.56876pt>
File: ./Images/fig1b.png Graphic file (type png)
<use ./Images/fig1b.png>
Package pdftex.def Info: ./Images/fig1b.png  used on input line 118.
(pdftex.def)             Requested size: 210.58997pt x 155.49364pt.
<./Images/fig2a.png, id=23, 714.67pt x 608.2725pt>
File: ./Images/fig2a.png Graphic file (type png)
<use ./Images/fig2a.png>
Package pdftex.def Info: ./Images/fig2a.png  used on input line 140.
(pdftex.def)             Requested size: 229.32257pt x 195.18022pt.
<./Images/fig2b.png, id=24, 430.60875pt x 296.10625pt>
File: ./Images/fig2b.png Graphic file (type png)
<use ./Images/fig2b.png>
Package pdftex.def Info: ./Images/fig2b.png  used on input line 144.
(pdftex.def)             Requested size: 229.32257pt x 157.69461pt.


LaTeX Warning: `h' float specifier changed to `ht'.


Overfull \hbox (6.30084pt too wide) in paragraph at lines 150--151
\T1/cmr/m/n/10 Rather than aim immediately for an exact estimate of the dimer's
 orientation, for the purposes of interpretation
 []

<./Images/fig3a.png, id=25, 462.528pt x 346.896pt>
File: ./Images/fig3a.png Graphic file (type png)
<use ./Images/fig3a.png>
Package pdftex.def Info: ./Images/fig3a.png  used on input line 166.
(pdftex.def)             Requested size: 187.19714pt x 140.39682pt.
<./Images/fig3b.png, id=26, 462.528pt x 346.896pt>
File: ./Images/fig3b.png Graphic file (type png)
<use ./Images/fig3b.png>
Package pdftex.def Info: ./Images/fig3b.png  used on input line 170.
(pdftex.def)             Requested size: 187.19714pt x 140.39682pt.

LaTeX Warning: `h' float specifier changed to `ht'.

[3]
Overfull \hbox (16.13364pt too wide) in paragraph at lines 186--191
\T1/cmr/m/n/10 where $\OML/cmm/m/it/10 p\OT1/cmr/m/n/10 ([])$ \T1/cmr/m/n/10 an
d $\OML/cmm/m/it/10 p\OT1/cmr/m/n/10 (\OML/cmm/m/it/10 y[]; y[]; y[]\OT1/cmr/m/
n/10 )$ \T1/cmr/m/n/10 are the prior estimates of the distributions of particle
 orientations and instantaneous
 []


Overfull \hbox (1.27795pt too wide) in paragraph at lines 205--206
[]\T1/cmr/m/n/10 To evaluate the above estimation of dimer orientation from sca
ttering signal, we use a Brownian simulation
 []

[4]
<./Images/fig4a.png, id=41, 268.8444pt x 210.3057pt>
File: ./Images/fig4a.png Graphic file (type png)
<use ./Images/fig4a.png>
Package pdftex.def Info: ./Images/fig4a.png  used on input line 249.
(pdftex.def)             Requested size: 229.32257pt x 179.38643pt.
<./Images/fig4b.png, id=42, 281.853pt x 258.7266pt>
File: ./Images/fig4b.png Graphic file (type png)
<use ./Images/fig4b.png>
Package pdftex.def Info: ./Images/fig4b.png  used on input line 253.
(pdftex.def)             Requested size: 187.19714pt x 171.84177pt.


LaTeX Warning: `h' float specifier changed to `ht'.

<./Images/fig5.png, id=43, 586.1097pt x 405.4347pt>
File: ./Images/fig5.png Graphic file (type png)
<use ./Images/fig5.png>
Package pdftex.def Info: ./Images/fig5.png  used on input line 272.
(pdftex.def)             Requested size: 234.0pt x 161.86786pt.

LaTeX Warning: `h' float specifier changed to `ht'.

[5]
<./Images/fig8a.png, id=47, 545.6385pt x 408.3255pt>
File: ./Images/fig8a.png Graphic file (type png)
<use ./Images/fig8a.png>
Package pdftex.def Info: ./Images/fig8a.png  used on input line 292.
(pdftex.def)             Requested size: 234.0pt x 175.11548pt.


LaTeX Warning: `h' float specifier changed to `ht'.

<./Images/fig7a.png, id=48, 641.7576pt x 479.8728pt>
File: ./Images/fig7a.png Graphic file (type png)
<use ./Images/fig7a.png>
Package pdftex.def Info: ./Images/fig7a.png  used on input line 329.
(pdftex.def)             Requested size: 210.59857pt x 157.47252pt.
<./Images/fig7b.png, id=49, 462.528pt x 346.896pt>
File: ./Images/fig7b.png Graphic file (type png)
<use ./Images/fig7b.png>
Package pdftex.def Info: ./Images/fig7b.png  used on input line 333.
(pdftex.def)             Requested size: 210.59857pt x 157.94908pt.

LaTeX Warning: `h' float specifier changed to `ht'.

[6]
File: ./Images/fig8a.png Graphic file (type png)
<use ./Images/fig8a.png>
Package pdftex.def Info: ./Images/fig8a.png  used on input line 354.
(pdftex.def)             Requested size: 154.44086pt x 115.57646pt.
<./Images/fig8b.png, id=55, 557.2017pt x 408.3255pt>
File: ./Images/fig8b.png Graphic file (type png)
<use ./Images/fig8b.png>
Package pdftex.def Info: ./Images/fig8b.png  used on input line 358.
(pdftex.def)             Requested size: 145.07886pt x 106.31789pt.
<./Images/fig8c.png, id=56, 614.295pt x 405.4347pt>
File: ./Images/fig8c.png Graphic file (type png)
<use ./Images/fig8c.png>
Package pdftex.def Info: ./Images/fig8c.png  used on input line 362.
(pdftex.def)             Requested size: 145.07886pt x 95.75351pt.


LaTeX Warning: `h' float specifier changed to `ht'.

<./Images/fig9a.png, id=57, 617.1858pt x 410.4936pt>
File: ./Images/fig9a.png Graphic file (type png)
<use ./Images/fig9a.png>
Package pdftex.def Info: ./Images/fig9a.png  used on input line 372.
(pdftex.def)             Requested size: 145.07886pt x 96.49106pt.
<./Images/fig9b.png, id=58, 586.8324pt x 409.7709pt>
File: ./Images/fig9b.png Graphic file (type png)
<use ./Images/fig9b.png>
Package pdftex.def Info: ./Images/fig9b.png  used on input line 376.
(pdftex.def)             Requested size: 145.07886pt x 101.30449pt.
<./Images/fig9c.png, id=59, 569.4876pt x 401.8212pt>
File: ./Images/fig9c.png Graphic file (type png)
<use ./Images/fig9c.png>
Package pdftex.def Info: ./Images/fig9c.png  used on input line 380.
(pdftex.def)             Requested size: 145.07886pt x 102.36188pt.

LaTeX Warning: `h' float specifier changed to `ht'.

<./Images/fig10a.png, id=60, 417.7206pt x 310.0383pt>
File: ./Images/fig10a.png Graphic file (type png)
<use ./Images/fig10a.png>
Package pdftex.def Info: ./Images/fig10a.png  used on input line 401.
(pdftex.def)             Requested size: 149.76343pt x 111.1548pt.
<./Images/fig10b.png, id=61, 579.6054pt x 412.6617pt>
File: ./Images/fig10b.png Graphic file (type png)
<use ./Images/fig10b.png>
Package pdftex.def Info: ./Images/fig10b.png  used on input line 405.
(pdftex.def)             Requested size: 149.76343pt x 106.62834pt.
<./Images/fig10c.png, id=62, 583.9416pt x 408.3255pt>
File: ./Images/fig10c.png Graphic file (type png)
<use ./Images/fig10c.png>
Package pdftex.def Info: ./Images/fig10c.png  used on input line 409.
(pdftex.def)             Requested size: 149.76343pt x 104.72287pt.

LaTeX Warning: `h' float specifier changed to `ht'.

<./Images/fig11a.png, id=63, 579.6054pt x 409.7709pt>
File: ./Images/fig11a.png Graphic file (type png)
<use ./Images/fig11a.png>
Package pdftex.def Info: ./Images/fig11a.png  used on input line 422.
(pdftex.def)             Requested size: 149.76343pt x 105.8814pt.
<./Images/fig11b.png, id=64, 580.3281pt x 416.9979pt>
File: ./Images/fig11b.png Graphic file (type png)
<use ./Images/fig11b.png>
Package pdftex.def Info: ./Images/fig11b.png  used on input line 426.
(pdftex.def)             Requested size: 149.76343pt x 107.61517pt.
<./Images/fig11c.png, id=65, 583.2189pt x 414.1071pt>
File: ./Images/fig11c.png Graphic file (type png)
<use ./Images/fig11c.png>
Package pdftex.def Info: ./Images/fig11c.png  used on input line 430.
(pdftex.def)             Requested size: 149.76343pt x 106.33836pt.

LaTeX Warning: `h' float specifier changed to `ht'.


Underfull \hbox (badness 10000) in paragraph at lines 442--443

 []

[7]
Underfull \hbox (badness 10000) in paragraph at lines 449--450

 []


Underfull \hbox (badness 10000) in paragraph at lines 451--452

 []

(./Manuscript_Colloids.bbl [8]) [9] [10 <./Images/fig1a.png> <./Images/fig1b.pn
g> <./Images/fig2a.png> <./Images/fig2b.png>] [11 <./Images/fig3a.png> <./Image
s/fig3b.png> <./Images/fig4a.png> <./Images/fig4b.png>] [12 <./Images/fig5.png>
 <./Images/fig8a.png> <./Images/fig7a.png> <./Images/fig7b.png>] [13 <./Images/
fig8b.png> <./Images/fig8c.png> <./Images/fig9a.png> <./Images/fig9b.png> <./Im
ages/fig9c.png> <./Images/fig10a.png> <./Images/fig10b.png> <./Images/fig10c.pn
g>] [14 <./Images/fig11a.png> <./Images/fig11b.png> <./Images/fig11c.png>]
[15

]

Package natbib Warning: There were undefined citations.

[16] (./Manuscript_Colloids.aux) ) 
Here is how much of TeX's memory you used:
 10417 strings out of 480247
 184579 string characters out of 5896151
 538904 words of memory out of 5000000
 28141 multiletter control sequences out of 15000+600000
 487341 words of font info for 74 fonts, out of 8000000 for 9000
 14 hyphenation exceptions out of 8191
 110i,19n,106p,1946b,552s stack positions out of 5000i,500n,10000p,200000b,80000s
 </home/daniel/.texlive2021/texmf-var/fonts/p
k/ljfour/jknappen/ec/ecrm0900.600pk> </home/daniel/.texlive2021/texmf-var/fonts
/pk/ljfour/jknappen/ec/ectt0800.600pk> </home/daniel/.texlive2021/texmf-var/fon
ts/pk/ljfour/jknappen/ec/ecrm0800.600pk> </home/daniel/.texlive2021/texmf-var/f
onts/pk/ljfour/jknappen/ec/ecti1000.600pk> </home/daniel/.texlive2021/texmf-var
/fonts/pk/ljfour/jknappen/ec/ecbx1000.600pk> </home/daniel/.texlive2021/texmf-v
ar/fonts/pk/ljfour/jknappen/ec/ecti0800.600pk> </home/daniel/.texlive2021/texmf
-var/fonts/pk/ljfour/jknappen/ec/ecti0600.600pk> </home/daniel/.texlive2021/tex
mf-var/fonts/pk/ljfour/jknappen/ec/ecrm0700.600pk> </home/daniel/.texlive2021/t
exmf-var/fonts/pk/ljfour/jknappen/ec/ecrm1440.600pk> </home/daniel/.texlive2021
/texmf-var/fonts/pk/ljfour/jknappen/ec/ecrm1000.600pk></usr/share/texlive/texmf
-dist/fonts/type1/public/amsfonts/cm/cmbx10.pfb></usr/share/texlive/texmf-dist/
fonts/type1/public/amsfonts/cm/cmbx7.pfb></usr/share/texlive/texmf-dist/fonts/t
ype1/public/amsfonts/cm/cmbx8.pfb></usr/share/texlive/texmf-dist/fonts/type1/pu
blic/amsfonts/cm/cmex10.pfb></usr/share/texlive/texmf-dist/fonts/type1/public/a
msfonts/cm/cmmi10.pfb></usr/share/texlive/texmf-dist/fonts/type1/public/amsfont
s/cm/cmmi5.pfb></usr/share/texlive/texmf-dist/fonts/type1/public/amsfonts/cm/cm
mi6.pfb></usr/share/texlive/texmf-dist/fonts/type1/public/amsfonts/cm/cmmi7.pfb
></usr/share/texlive/texmf-dist/fonts/type1/public/amsfonts/cm/cmmi8.pfb></usr/
share/texlive/texmf-dist/fonts/type1/public/amsfonts/cm/cmmi9.pfb></usr/share/t
exlive/texmf-dist/fonts/type1/public/amsfonts/cm/cmr10.pfb></usr/share/texlive/
texmf-dist/fonts/type1/public/amsfonts/cm/cmr5.pfb></usr/share/texlive/texmf-di
st/fonts/type1/public/amsfonts/cm/cmr7.pfb></usr/share/texlive/texmf-dist/fonts
/type1/public/amsfonts/cm/cmr8.pfb></usr/share/texlive/texmf-dist/fonts/type1/p
ublic/amsfonts/cm/cmsy10.pfb></usr/share/texlive/texmf-dist/fonts/type1/public/
amsfonts/cm/cmsy6.pfb></usr/share/texlive/texmf-dist/fonts/type1/public/amsfont
s/cm/cmsy7.pfb>
Output written on Manuscript_Colloids.pdf (16 pages, 2003924 bytes).
PDF statistics:
 596 PDF objects out of 1000 (max. 8388607)
 129 compressed objects within 2 object streams
 0 named destinations out of 1000 (max. 500000)
 116 words of extra memory for PDF output out of 10000 (max. 10000000)

