\BOOKMARK [0][-]{chapter.6}{\376\377\000S\000h\000e\000a\000r\000\040\000I\000n\000d\000u\000c\000e\000d\000\040\000N\000u\000c\000l\000e\000a\000t\000i\000o\000n}{}% 1
\BOOKMARK [1][-]{section.6.1}{\376\377\000I\000n\000t\000r\000o\000d\000u\000c\000t\000i\000o\000n}{chapter.6}% 2
\BOOKMARK [1][-]{section.6.2}{\376\377\000N\000u\000c\000l\000e\000a\000t\000i\000o\000n}{chapter.6}% 3
\BOOKMARK [2][-]{subsection.6.2.1}{\376\377\000P\000r\000i\000m\000a\000r\000y\000\040\000\046\000\040\000S\000e\000c\000o\000n\000d\000a\000r\000y\000\040\000n\000u\000c\000l\000e\000a\000t\000i\000o\000n}{section.6.2}% 4
\BOOKMARK [1][-]{section.6.3}{\376\377\000N\000u\000c\000l\000e\000a\000t\000i\000o\000n\000\040\000T\000h\000e\000o\000r\000i\000e\000s}{chapter.6}% 5
\BOOKMARK [2][-]{subsection.6.3.1}{\376\377\000C\000l\000a\000s\000s\000i\000c\000a\000l\000\040\000N\000u\000c\000l\000e\000a\000t\000i\000o\000n\000\040\000T\000h\000e\000o\000r\000y\000\040\000\050\000C\000N\000T\000\051}{section.6.3}% 6
\BOOKMARK [2][-]{subsection.6.3.2}{\376\377\000T\000w\000o\000\040\000S\000t\000e\000p\000\040\000N\000u\000c\000l\000e\000a\000t\000i\000o\000n}{section.6.3}% 7
\BOOKMARK [2][-]{subsection.6.3.3}{\376\377\000N\000o\000n\000-\000c\000l\000a\000s\000s\000i\000c\000a\000l\000\040\000N\000u\000c\000l\000e\000a\000t\000i\000o\000n}{section.6.3}% 8
\BOOKMARK [1][-]{section.6.4}{\376\377\000I\000n\000\040\000s\000i\000t\000u\000\040\000t\000e\000c\000h\000n\000i\000q\000u\000e\000s\000\040\000f\000o\000r\000\040\000s\000t\000u\000d\000y\000i\000n\000g\000\040\000n\000u\000c\000l\000e\000a\000t\000i\000o\000n}{chapter.6}% 9
\BOOKMARK [2][-]{subsection.6.4.1}{\376\377\000C\000o\000m\000p\000u\000t\000e\000r\000\040\000S\000i\000m\000u\000l\000a\000t\000i\000o\000n\000s}{section.6.4}% 10
\BOOKMARK [2][-]{subsection.6.4.2}{\376\377\000T\000r\000a\000n\000s\000m\000i\000s\000s\000i\000o\000n\000\040\000E\000l\000e\000c\000t\000r\000o\000n\000\040\000M\000i\000c\000r\000o\000s\000c\000o\000p\000e\000\040\000\050\000T\000E\000M\000\051}{section.6.4}% 11
\BOOKMARK [1][-]{section.6.5}{\376\377\000O\000p\000t\000i\000c\000a\000l\000\040\000T\000w\000e\000e\000z\000e\000r\000\040\000E\000q\000u\000i\000p\000m\000e\000n\000t}{chapter.6}% 12
\BOOKMARK [2][-]{subsection.6.5.1}{\376\377\000G\000a\000l\000v\000a\000n\000o\000-\000M\000i\000r\000r\000o\000r}{section.6.5}% 13
\BOOKMARK [2][-]{subsection.6.5.2}{\376\377\000F\000o\000u\000r\000i\000e\000r\000\040\000O\000p\000t\000i\000c\000s\000\040\000a\000n\000d\000\040\0004\000f\000\040\000c\000o\000r\000r\000e\000l\000a\000t\000o\000r\000s}{section.6.5}% 14
\BOOKMARK [1][-]{section.6.6}{\376\377\000S\000y\000n\000t\000h\000e\000s\000i\000s\000\040\000o\000f\000\040\000B\000i\000r\000e\000f\000r\000i\000n\000g\000e\000n\000t\000\040\000M\000i\000c\000r\000o\000-\000s\000p\000h\000e\000r\000e\000s}{chapter.6}% 15
\BOOKMARK [2][-]{subsection.6.6.1}{\376\377\000L\000i\000q\000u\000i\000d\000\040\000C\000r\000y\000s\000t\000a\000l\000\040\000R\000o\000t\000o\000r\000s}{section.6.6}% 16
\BOOKMARK [1][-]{section.6.7}{\376\377\000R\000o\000t\000a\000t\000i\000o\000n\000\040\000o\000f\000\040\000b\000i\000r\000e\000f\000r\000i\000n\000g\000e\000n\000t\000\040\000m\000i\000c\000r\000o\000\040\000s\000p\000h\000e\000r\000e\000s}{chapter.6}% 17
\BOOKMARK [2][-]{subsection.6.7.1}{\376\377\000E\000s\000t\000i\000m\000a\000t\000i\000o\000n\000\040\000o\000f\000\040\000f\000l\000u\000i\000d\000\040\000f\000l\000o\000w\000\040\000a\000r\000o\000u\000n\000d\000\040\000a\000\040\000r\000o\000t\000a\000t\000i\000n\000g\000\040\000p\000a\000r\000t\000i\000c\000l\000e\000\040\000i\000n\000\040\000b\000u\000l\000k\000\040\000f\000l\000u\000i\000d}{section.6.7}% 18
\BOOKMARK [1][-]{section.6.8}{\376\377\000R\000o\000t\000a\000t\000i\000n\000g\000\040\000s\000p\000h\000e\000r\000e\000s\000\040\000i\000n\000\040\000S\000u\000p\000e\000r\000s\000a\000t\000u\000r\000a\000t\000e\000d\000\040\000s\000o\000l\000u\000t\000i\000o\000n}{chapter.6}% 19
\BOOKMARK [1][-]{section.6.9}{\376\377\000N\000u\000c\000l\000e\000a\000t\000i\000o\000n\000\040\000w\000i\000t\000h\000\040\000a\000\040\000S\000t\000a\000t\000i\000o\000n\000a\000r\000y\000\040\000a\000n\000d\000\040\000M\000o\000v\000i\000n\000g\000\040\000B\000e\000a\000m}{chapter.6}% 20
\BOOKMARK [2][-]{subsection.6.9.1}{\376\377\000S\000t\000a\000t\000i\000o\000n\000a\000r\000y\000\040\000b\000e\000a\000m}{section.6.9}% 21
\BOOKMARK [2][-]{subsection.6.9.2}{\376\377\000M\000o\000v\000i\000n\000g\000\040\000B\000e\000a\000m}{section.6.9}% 22
\BOOKMARK [2][-]{subsection.6.9.3}{\376\377\000D\000i\000r\000e\000c\000t\000\040\000t\000r\000a\000p\000p\000i\000n\000g\000\040\000o\000f\000\040\000G\000l\000y\000c\000i\000n\000e\000\040\000c\000l\000u\000s\000t\000e\000r\000s}{section.6.9}% 23
\BOOKMARK [2][-]{subsection.6.9.4}{\376\377\000I\000n\000f\000l\000u\000e\000n\000c\000e\000\040\000o\000f\000\040\000a\000\040\000m\000o\000v\000i\000n\000g\000\040\000b\000e\000a\000m\000\040\000f\000r\000o\000n\000t\000\040\000o\000n\000\040\000s\000e\000e\000d\000\040\000c\000r\000y\000s\000t\000a\000l\000s}{section.6.9}% 24
\BOOKMARK [1][-]{section.6.10}{\376\377\000S\000u\000m\000m\000a\000r\000y\000\040\000o\000f\000\040\000M\000o\000v\000i\000n\000g\000\040\000B\000e\000a\000m\000\040\000P\000h\000e\000n\000o\000m\000e\000n\000a}{chapter.6}% 25
\BOOKMARK [1][-]{section.6.11}{\376\377\000C\000o\000n\000c\000l\000u\000s\000i\000o\000n}{chapter.6}% 26
