This is pdfTeX, Version 3.141592653-2.6-1.40.24 (MiKTeX 22.10) (preloaded format=pdflatex 2023.3.31)  26 OCT 2023 14:37
entering extended mode
 restricted \write18 enabled.
 %&-line parsing enabled.
**"./Manuscript_Optical Communications.tex"
(Manuscript_Optical Communications.tex
LaTeX2e <2022-06-01> patch level 5
L3 programming layer <2022-09-28> (elsarticle.cls
Document Class: elsarticle 2020/11/20, 3.3: Elsevier Ltd
(C:\Users\xbb16146\AppData\Local\Programs\MiKTeX\tex/latex/l3kernel\expl3.sty
Package: expl3 2022-09-28 L3 programming layer (loader) 

(C:\Users\xbb16146\AppData\Local\Programs\MiKTeX\tex/latex/l3backend\l3backend-
pdftex.def
File: l3backend-pdftex.def 2022-09-28 L3 backend support: PDF output (pdfTeX)
\l__color_backend_stack_int=\count185
\l__pdf_internal_box=\box51
))
(C:\Users\xbb16146\AppData\Local\Programs\MiKTeX\tex/latex/l3packages/xparse\xp
arse.sty
Package: xparse 2022-06-22 L3 Experimental document command parser
)
(C:\Users\xbb16146\AppData\Local\Programs\MiKTeX\tex/latex/etoolbox\etoolbox.st
y
Package: etoolbox 2020/10/05 v2.5k e-TeX tools for LaTeX (JAW)
\etb@tempcnta=\count186
)
\@bls=\dimen138
 (C:\Users\xbb16146\AppData\Local\Programs\MiKTeX\tex/latex/base\article.cls
Document Class: article 2021/10/04 v1.4n Standard LaTeX document class
(C:\Users\xbb16146\AppData\Local\Programs\MiKTeX\tex/latex/base\size10.clo
File: size10.clo 2021/10/04 v1.4n Standard LaTeX file (size option)
)
\c@part=\count187
\c@section=\count188
\c@subsection=\count189
\c@subsubsection=\count190
\c@paragraph=\count191
\c@subparagraph=\count192
\c@figure=\count193
\c@table=\count194
\abovecaptionskip=\skip47
\belowcaptionskip=\skip48
\bibindent=\dimen139
)
(C:\Users\xbb16146\AppData\Local\Programs\MiKTeX\tex/latex/graphics\graphicx.st
y
Package: graphicx 2021/09/16 v1.2d Enhanced LaTeX Graphics (DPC,SPQR)

(C:\Users\xbb16146\AppData\Local\Programs\MiKTeX\tex/latex/graphics\keyval.sty
Package: keyval 2022/05/29 v1.15 key=value parser (DPC)
\KV@toks@=\toks16
)
(C:\Users\xbb16146\AppData\Local\Programs\MiKTeX\tex/latex/graphics\graphics.st
y
Package: graphics 2022/03/10 v1.4e Standard LaTeX Graphics (DPC,SPQR)
 (C:\Users\xbb16146\AppData\Local\Programs\MiKTeX\tex/latex/graphics\trig.sty
Package: trig 2021/08/11 v1.11 sin cos tan (DPC)
)
(C:\Users\xbb16146\AppData\Local\Programs\MiKTeX\tex/latex/graphics-cfg\graphic
s.cfg
File: graphics.cfg 2016/06/04 v1.11 sample graphics configuration
)
Package graphics Info: Driver file: pdftex.def on input line 107.

(C:\Users\xbb16146\AppData\Local\Programs\MiKTeX\tex/latex/graphics-def\pdftex.
def
File: pdftex.def 2022/09/22 v1.2b Graphics/color driver for pdftex
\stockwidth=\dimen140
\stockheight=\dimen141
))
\Gin@req@height=\dimen142
\Gin@req@width=\dimen143
)
\c@tnote=\count195
\c@fnote=\count196
\c@cnote=\count197
\c@ead=\count198
\c@author=\count199
\@eadauthor=\toks17
\c@affn=\count266
\absbox=\box52
\elsarticlehighlightsbox=\box53
\elsarticlegrabsbox=\box54
\keybox=\box55
\Columnwidth=\dimen144
\space@left=\dimen145
\els@boxa=\box56
\els@boxb=\box57
\leftMargin=\dimen146
\@enLab=\toks18
\@sep=\skip49
\@@sep=\skip50
 (Manuscript_Optical Communications.spl)
(C:\Users\xbb16146\AppData\Local\Programs\MiKTeX\tex/latex/natbib\natbib.sty
Package: natbib 2010/09/13 8.31b (PWD, AO)
\bibhang=\skip51
\bibsep=\skip52
LaTeX Info: Redefining \cite on input line 694.
\c@NAT@ctr=\count267
)
\splwrite=\write3
\openout3 = `"Manuscript_Optical Communications.spl"'.


(C:\Users\xbb16146\AppData\Local\Programs\MiKTeX\tex/latex/geometry\geometry.st
y
Package: geometry 2020/01/02 v5.9 Page Geometry
 (C:\Users\xbb16146\AppData\Local\Programs\MiKTeX\tex/generic/iftex\ifvtex.sty
Package: ifvtex 2019/10/25 v1.7 ifvtex legacy package. Use iftex instead.
(C:\Users\xbb16146\AppData\Local\Programs\MiKTeX\tex/generic/iftex\iftex.sty
Package: iftex 2022/02/03 v1.0f TeX engine tests
))
\Gm@cnth=\count268
\Gm@cntv=\count269
\c@Gm@tempcnt=\count270
\Gm@bindingoffset=\dimen147
\Gm@wd@mp=\dimen148
\Gm@odd@mp=\dimen149
\Gm@even@mp=\dimen150
\Gm@layoutwidth=\dimen151
\Gm@layoutheight=\dimen152
\Gm@layouthoffset=\dimen153
\Gm@layoutvoffset=\dimen154
\Gm@dimlist=\toks19

(C:\Users\xbb16146\AppData\Local\Programs\MiKTeX\tex/latex/geometry\geometry.cf
g))
\appnamewidth=\dimen155
)
(C:\Users\xbb16146\AppData\Local\Programs\MiKTeX\tex/latex/csvsimple\csvsimple.
sty
(C:\Users\xbb16146\AppData\Local\Programs\MiKTeX\tex/latex/l3packages/l3keys2e\
l3keys2e.sty
Package: l3keys2e 2022-06-22 LaTeX2e option processing using LaTeX3 keys
)
Package: csvsimple 2022/09/20 v2.3.2 LaTeX CSV file processing
)
(C:\Users\xbb16146\AppData\Local\Programs\MiKTeX\tex/latex/csvsimple\csvsimple-
legacy.sty
Package: csvsimple-legacy 2022/09/20 version 2.3.2 LaTeX2e CSV file processing

(C:\Users\xbb16146\AppData\Local\Programs\MiKTeX\tex/latex/pgf/utilities\pgfrcs
.sty
(C:\Users\xbb16146\AppData\Local\Programs\MiKTeX\tex/generic/pgf/utilities\pgfu
til-common.tex
\pgfutil@everybye=\toks20
\pgfutil@tempdima=\dimen156
\pgfutil@tempdimb=\dimen157

(C:\Users\xbb16146\AppData\Local\Programs\MiKTeX\tex/generic/pgf/utilities\pgfu
til-common-lists.tex))
(C:\Users\xbb16146\AppData\Local\Programs\MiKTeX\tex/generic/pgf/utilities\pgfu
til-latex.def
\pgfutil@abb=\box58
)
(C:\Users\xbb16146\AppData\Local\Programs\MiKTeX\tex/generic/pgf/utilities\pgfr
cs.code.tex
(C:\Users\xbb16146\AppData\Local\Programs\MiKTeX\tex/generic/pgf\pgf.revision.t
ex)
Package: pgfrcs 2021/05/15 v3.1.9a (3.1.9a)
))
(C:\Users\xbb16146\AppData\Local\Programs\MiKTeX\tex/latex/pgf/utilities\pgfkey
s.sty
(C:\Users\xbb16146\AppData\Local\Programs\MiKTeX\tex/generic/pgf/utilities\pgfk
eys.code.tex
\pgfkeys@pathtoks=\toks21
\pgfkeys@temptoks=\toks22

(C:\Users\xbb16146\AppData\Local\Programs\MiKTeX\tex/generic/pgf/utilities\pgfk
eysfiltered.code.tex
\pgfkeys@tmptoks=\toks23
)))
(C:\Users\xbb16146\AppData\Local\Programs\MiKTeX\tex/latex/base\ifthen.sty
Package: ifthen 2022/04/13 v1.1d Standard LaTeX ifthen package (DPC)
)
(C:\Users\xbb16146\AppData\Local\Programs\MiKTeX\tex/latex/tools\shellesc.sty
Package: shellesc 2019/11/08 v1.0c unified shell escape interface for LaTeX
Package shellesc Info: Restricted shell escape enabled on input line 77.
)
\csv@file=\read2
\c@csvinputline=\count271
\c@csvrow=\count272
\c@csvcol=\count273
\csv@out=\write4
)
(C:\Users\xbb16146\AppData\Local\Programs\MiKTeX\tex/latex/amsfonts\amssymb.sty
Package: amssymb 2013/01/14 v3.01 AMS font symbols

(C:\Users\xbb16146\AppData\Local\Programs\MiKTeX\tex/latex/amsfonts\amsfonts.st
y
Package: amsfonts 2013/01/14 v3.01 Basic AMSFonts support
\@emptytoks=\toks24
\symAMSa=\mathgroup4
\symAMSb=\mathgroup5
LaTeX Font Info:    Redeclaring math symbol \hbar on input line 98.
LaTeX Font Info:    Overwriting math alphabet `\mathfrak' in version `bold'
(Font)                  U/euf/m/n --> U/euf/b/n on input line 106.
))
(C:\Users\xbb16146\AppData\Local\Programs\MiKTeX\tex/latex/amscls\amsthm.sty
Package: amsthm 2020/05/29 v2.20.6
\thm@style=\toks25
\thm@bodyfont=\toks26
\thm@headfont=\toks27
\thm@notefont=\toks28
\thm@headpunct=\toks29
\thm@preskip=\skip53
\thm@postskip=\skip54
\thm@headsep=\skip55
\dth@everypar=\toks30
LaTeX Info: Redefining \qed on input line 273.
)
(C:\Users\xbb16146\AppData\Local\Programs\MiKTeX\tex/latex/amsmath\amsmath.sty
Package: amsmath 2022/04/08 v2.17n AMS math features
\@mathmargin=\skip56

For additional information on amsmath, use the `?' option.
(C:\Users\xbb16146\AppData\Local\Programs\MiKTeX\tex/latex/amsmath\amstext.sty
Package: amstext 2021/08/26 v2.01 AMS text

(C:\Users\xbb16146\AppData\Local\Programs\MiKTeX\tex/latex/amsmath\amsgen.sty
File: amsgen.sty 1999/11/30 v2.0 generic functions
\@emptytoks=\toks31
\ex@=\dimen158
)) (C:\Users\xbb16146\AppData\Local\Programs\MiKTeX\tex/latex/amsmath\amsbsy.st
y
Package: amsbsy 1999/11/29 v1.2d Bold Symbols
\pmbraise@=\dimen159
) (C:\Users\xbb16146\AppData\Local\Programs\MiKTeX\tex/latex/amsmath\amsopn.sty
Package: amsopn 2022/04/08 v2.04 operator names
)
\inf@bad=\count274
LaTeX Info: Redefining \frac on input line 234.
\uproot@=\count275
\leftroot@=\count276
LaTeX Info: Redefining \overline on input line 399.
LaTeX Info: Redefining \colon on input line 410.
\classnum@=\count277
\DOTSCASE@=\count278
LaTeX Info: Redefining \ldots on input line 496.
LaTeX Info: Redefining \dots on input line 499.
LaTeX Info: Redefining \cdots on input line 620.
\Mathstrutbox@=\box59
\strutbox@=\box60
LaTeX Info: Redefining \big on input line 722.
LaTeX Info: Redefining \Big on input line 723.
LaTeX Info: Redefining \bigg on input line 724.
LaTeX Info: Redefining \Bigg on input line 725.
\big@size=\dimen160
LaTeX Font Info:    Redeclaring font encoding OML on input line 743.
LaTeX Font Info:    Redeclaring font encoding OMS on input line 744.
\macc@depth=\count279
LaTeX Info: Redefining \bmod on input line 905.
LaTeX Info: Redefining \pmod on input line 910.
LaTeX Info: Redefining \smash on input line 940.
LaTeX Info: Redefining \relbar on input line 970.
LaTeX Info: Redefining \Relbar on input line 971.
\c@MaxMatrixCols=\count280
\dotsspace@=\muskip16
\c@parentequation=\count281
\dspbrk@lvl=\count282
\tag@help=\toks32
\row@=\count283
\column@=\count284
\maxfields@=\count285
\andhelp@=\toks33
\eqnshift@=\dimen161
\alignsep@=\dimen162
\tagshift@=\dimen163
\tagwidth@=\dimen164
\totwidth@=\dimen165
\lineht@=\dimen166
\@envbody=\toks34
\multlinegap=\skip57
\multlinetaggap=\skip58
\mathdisplay@stack=\toks35
LaTeX Info: Redefining \[ on input line 2953.
LaTeX Info: Redefining \] on input line 2954.
)
(C:\Users\xbb16146\AppData\Local\Programs\MiKTeX\tex/latex/caption\subcaption.s
ty
Package: subcaption 2023/02/19 v1.6 Sub-captions (AR)

(C:\Users\xbb16146\AppData\Local\Programs\MiKTeX\tex/latex/caption\caption.sty
Package: caption 2023/03/12 v3.6j Customizing captions (AR)

(C:\Users\xbb16146\AppData\Local\Programs\MiKTeX\tex/latex/caption\caption3.sty
Package: caption3 2023/03/12 v2.4 caption3 kernel (AR)
\caption@tempdima=\dimen167
\captionmargin=\dimen168
\caption@leftmargin=\dimen169
\caption@rightmargin=\dimen170
\caption@width=\dimen171
\caption@indent=\dimen172
\caption@parindent=\dimen173
\caption@hangindent=\dimen174
Package caption Info: elsarticle document class detected.

(C:\Users\xbb16146\AppData\Local\Programs\MiKTeX\tex/latex/caption\caption-elsa
rticle.sto
File: caption-elsarticle.sto 2020/08/22 v2.0 Adaption of the caption package to
 the elsarticle document class (AR)
))
\c@caption@flags=\count286
\c@continuedfloat=\count287
)
Package caption Info: New subtype `subfigure' on input line 239.
\c@subfigure=\count288
Package caption Info: New subtype `subtable' on input line 239.
\c@subtable=\count289
)
(C:\Users\xbb16146\AppData\Local\Programs\MiKTeX\tex/latex/base\fontenc.sty
Package: fontenc 2021/04/29 v2.0v Standard LaTeX package
)
(C:\Users\xbb16146\AppData\Local\Programs\MiKTeX\tex/generic/babel\babel.sty
Package: babel 2022/10/04 3.81 The Babel package
\babel@savecnt=\count290
\U@D=\dimen175
\l@unhyphenated=\language79

(C:\Users\xbb16146\AppData\Local\Programs\MiKTeX\tex/generic/babel\txtbabel.def
)
\bbl@readstream=\read3
\bbl@dirlevel=\count291

*************************************
* Local config file bblopts.cfg used
*
(C:\Users\xbb16146\AppData\Local\Programs\MiKTeX\tex/latex/arabi\bblopts.cfg
File: bblopts.cfg 2005/09/08 v0.1 add Arabic and Farsi to "declared" options of
 babel
)
Package babel Info: You haven't specified a language. I'll use 'nil'
(babel)             as the main language. Reported on input line 4432.

(C:\Users\xbb16146\AppData\Local\Programs\MiKTeX\tex/generic/babel\nil.ldf
Language: nil 2022/10/04 3.81 Nil language
\l@nil=\language80
))
(C:\Users\xbb16146\AppData\Local\Programs\MiKTeX\tex/latex/wrapfig\wrapfig.sty
\wrapoverhang=\dimen176
\WF@size=\dimen177
\c@WF@wrappedlines=\count292
\WF@box=\box61
\WF@everypar=\toks36
Package: wrapfig 2003/01/31  v 3.6
)
(C:\Users\xbb16146\AppData\Local\Programs\MiKTeX\tex/latex/fancyref\fancyref.st
y
Package: fancyref 1999/02/03 v0.9c Fancy cross-referencing
 (C:\Users\xbb16146\AppData\Local\Programs\MiKTeX\tex/latex/tools\varioref.sty
Package: varioref 2022/01/09 v1.6f package for extended references (FMi)
\c@vrcnt=\count293
)) (C:\Users\xbb16146\AppData\Local\Programs\MiKTeX\tex/latex/lineno\lineno.sty
Package: lineno 2023/01/19 line numbers on paragraphs v5.1
\linenopenalty=\count294
\output=\toks37
\linenoprevgraf=\count295
\linenumbersep=\dimen178
\linenumberwidth=\dimen179
\c@linenumber=\count296
\c@pagewiselinenumber=\count297
\c@LN@truepage=\count298
\c@internallinenumber=\count299
\c@internallinenumbers=\count300
\quotelinenumbersep=\dimen180
\bframerule=\dimen181
\bframesep=\dimen182
\bframebox=\box62
\linenoamsmath@ams@eqpen=\count301
LaTeX Info: Redefining \\ on input line 3131.
) (C:\Users\xbb16146\AppData\Local\Programs\MiKTeX\tex/latex/graphics\color.sty
Package: color 2022/01/06 v1.3d Standard LaTeX Color (DPC)

(C:\Users\xbb16146\AppData\Local\Programs\MiKTeX\tex/latex/graphics-cfg\color.c
fg
File: color.cfg 2016/01/02 v1.6 sample color configuration
)
Package color Info: Driver file: pdftex.def on input line 149.

(C:\Users\xbb16146\AppData\Local\Programs\MiKTeX\tex/latex/graphics\mathcolor.l
tx))
(C:\Users\xbb16146\AppData\Local\Programs\MiKTeX\tex/latex/nomencl\nomencl.sty
Package: nomencl 2021/11/10 v5.6 Nomenclature package

(C:\Users\xbb16146\AppData\Local\Programs\MiKTeX\tex/latex/xkeyval\xkeyval.sty
Package: xkeyval 2022/06/16 v2.9 package option processing (HA)

(C:\Users\xbb16146\AppData\Local\Programs\MiKTeX\tex/generic/xkeyval\xkeyval.te
x
(C:\Users\xbb16146\AppData\Local\Programs\MiKTeX\tex/generic/xkeyval\xkvutils.t
ex
\XKV@toks=\toks38
\XKV@tempa@toks=\toks39
)
\XKV@depth=\count302
File: xkeyval.tex 2014/12/03 v2.7a key=value parser (HA)
))
(C:\Users\xbb16146\AppData\Local\Programs\MiKTeX\tex/latex/koma-script\tocbasic
.sty
Package: tocbasic 2022/10/12 v3.38 KOMA-Script package (handling toc-files)

(C:\Users\xbb16146\AppData\Local\Programs\MiKTeX\tex/latex/koma-script\scrbase.
sty
Package: scrbase 2022/10/12 v3.38 KOMA-Script package (KOMA-Script-independent 
basics and keyval usage)

(C:\Users\xbb16146\AppData\Local\Programs\MiKTeX\tex/latex/koma-script\scrlfile
.sty
Package: scrlfile 2022/10/12 v3.38 KOMA-Script package (file load hooks)

(C:\Users\xbb16146\AppData\Local\Programs\MiKTeX\tex/latex/koma-script\scrlfile
-hook.sty
Package: scrlfile-hook 2022/10/12 v3.38 KOMA-Script package (using LaTeX hooks)


(C:\Users\xbb16146\AppData\Local\Programs\MiKTeX\tex/latex/koma-script\scrlogo.
sty
Package: scrlogo 2022/10/12 v3.38 KOMA-Script package (logo)
)))
Applying: [2021/05/01] Usage of raw or classic option list on input line 252.
Already applied: [0000/00/00] Usage of raw or classic option list on input line
 368.
)
\scr@dte@tocline@numberwidth=\skip59
\scr@dte@tocline@numbox=\box63
)
Package tocbasic Info: setting babel extension for `nlo' on input line 187.
Package tocbasic Info: setting babel extension for `nls' on input line 188.
\nomlabelwidth=\dimen183
\nom@tempdim=\dimen184
\nomitemsep=\skip60
)
(C:\Users\xbb16146\AppData\Local\Programs\MiKTeX\tex/latex/tools\tabularx.sty
Package: tabularx 2020/01/15 v2.11c `tabularx' package (DPC)

(C:\Users\xbb16146\AppData\Local\Programs\MiKTeX\tex/latex/tools\array.sty
Package: array 2022/03/10 v2.5f Tabular extension package (FMi)
\col@sep=\dimen185
\ar@mcellbox=\box64
\extrarowheight=\dimen186
\NC@list=\toks40
\extratabsurround=\skip61
\backup@length=\skip62
\ar@cellbox=\box65
)
\TX@col@width=\dimen187
\TX@old@table=\dimen188
\TX@old@col=\dimen189
\TX@target=\dimen190
\TX@delta=\dimen191
\TX@cols=\count303
\TX@ftn=\toks41
)
\@nomenclaturefile=\write5
\openout5 = `"Manuscript_Optical Communications.nlo"'.

Package nomencl Info: Writing nomenclature file "Manuscript_Optical Communicati
ons".nlo on input line 17.

(Manuscript_Optical Communications.aux)
\openout1 = `"Manuscript_Optical Communications.aux"'.

LaTeX Font Info:    Checking defaults for OML/cmm/m/it on input line 22.
LaTeX Font Info:    ... okay on input line 22.
LaTeX Font Info:    Checking defaults for OMS/cmsy/m/n on input line 22.
LaTeX Font Info:    ... okay on input line 22.
LaTeX Font Info:    Checking defaults for OT1/cmr/m/n on input line 22.
LaTeX Font Info:    ... okay on input line 22.
LaTeX Font Info:    Checking defaults for T1/cmr/m/n on input line 22.
LaTeX Font Info:    ... okay on input line 22.
LaTeX Font Info:    Checking defaults for TS1/cmr/m/n on input line 22.
LaTeX Font Info:    ... okay on input line 22.
LaTeX Font Info:    Checking defaults for OMX/cmex/m/n on input line 22.
LaTeX Font Info:    ... okay on input line 22.
LaTeX Font Info:    Checking defaults for U/cmr/m/n on input line 22.
LaTeX Font Info:    ... okay on input line 22.

(C:\Users\xbb16146\AppData\Local\Programs\MiKTeX\tex/context/base/mkii\supp-pdf
.mkii
[Loading MPS to PDF converter (version 2006.09.02).]
\scratchcounter=\count304
\scratchdimen=\dimen192
\scratchbox=\box66
\nofMPsegments=\count305
\nofMParguments=\count306
\everyMPshowfont=\toks42
\MPscratchCnt=\count307
\MPscratchDim=\dimen193
\MPnumerator=\count308
\makeMPintoPDFobject=\count309
\everyMPtoPDFconversion=\toks43
)
(C:\Users\xbb16146\AppData\Local\Programs\MiKTeX\tex/latex/epstopdf-pkg\epstopd
f-base.sty
Package: epstopdf-base 2020-01-24 v2.11 Base part for package epstopdf
Package epstopdf-base Info: Redefining graphics rule for `.eps' on input line 4
85.

(C:\Users\xbb16146\AppData\Local\Programs\MiKTeX\tex/latex/00miktex\epstopdf-sy
s.cfg
File: epstopdf-sys.cfg 2021/03/18 v2.0 Configuration of epstopdf for MiKTeX
))
*geometry* driver: auto-detecting
*geometry* detected driver: pdftex
*geometry* verbose mode - [ preamble ] result:
* driver: pdftex
* paper: custom
* layout: <same size as paper>
* layoutoffset:(h,v)=(0.0pt,0.0pt)
* hratio: 1:1
* vratio: 1:1
* modes: 
* h-part:(L,W,R)=(64.75394pt, 468.0pt, 64.75394pt)
* v-part:(T,H,B)=(111.52342pt, 622.0pt, 111.52342pt)
* \paperwidth=597.50787pt
* \paperheight=845.04684pt
* \textwidth=468.0pt
* \textheight=622.0pt
* \oddsidemargin=-7.51605pt
* \evensidemargin=-7.51605pt
* \topmargin=-22.74657pt
* \headheight=50.0pt
* \headsep=12.0pt
* \topskip=10.0pt
* \footskip=18.0pt
* \marginparwidth=65.0pt
* \marginparsep=11.0pt
* \columnsep=24.0pt
* \skip\footins=24.0pt plus 2.0pt minus 12.0pt
* \hoffset=0.0pt
* \voffset=0.0pt
* \mag=1000
* \@twocolumnfalse
* \@twosidefalse
* \@mparswitchfalse
* \@reversemarginfalse
* (1in=72.27pt=25.4mm, 1cm=28.453pt)

Package caption Info: Begin \AtBeginDocument code.
Package caption Info: wrapfig package is loaded.
Package caption Info: End \AtBeginDocument code.

Overfull \hbox (3.74591pt too wide) in paragraph at lines 47--72
\T1/cmr/m/n/10 particles, these trapped entities can be further characterised u
sing light-scattering, posing a two-fold challenge:
 []

LaTeX Font Info:    Trying to load font information for U+msa on input line 97.

(C:\Users\xbb16146\AppData\Local\Programs\MiKTeX\tex/latex/amsfonts\umsa.fd
File: umsa.fd 2013/01/14 v3.01 AMS symbols A
)
LaTeX Font Info:    Trying to load font information for U+msb on input line 97.


(C:\Users\xbb16146\AppData\Local\Programs\MiKTeX\tex/latex/amsfonts\umsb.fd
File: umsb.fd 2013/01/14 v3.01 AMS symbols B
)
LaTeX Font Info:    Trying to load font information for T1+cmtt on input line 9
7.

(C:\Users\xbb16146\AppData\Local\Programs\MiKTeX\tex/latex/base\t1cmtt.fd
File: t1cmtt.fd 2019/12/16 v2.5j Standard LaTeX font definitions
)
Overfull \hbox (2.22168pt too wide) has occurred while \output is active
[] 
 []

[1

{C:/Users/xbb16146/AppData/Local/MiKTeX/fonts/map/pdftex/pdftex.map}]
[2]
<./Images/fig1a.png, id=19, 924.45375pt x 618.31pt>
File: ./Images/fig1a.png Graphic file (type png)
<use ./Images/fig1a.png>
Package pdftex.def Info: ./Images/fig1a.png  used on input line 117.
(pdftex.def)             Requested size: 210.58862pt x 155.50171pt.
<./Images/fig1b.png, id=21, 1083.04625pt x 687.56876pt>
File: ./Images/fig1b.png Graphic file (type png)
<use ./Images/fig1b.png>
Package pdftex.def Info: ./Images/fig1b.png  used on input line 121.
(pdftex.def)             Requested size: 210.58997pt x 155.49364pt.
<./Images/fig2a.png, id=22, 714.67pt x 608.2725pt>
File: ./Images/fig2a.png Graphic file (type png)
<use ./Images/fig2a.png>
Package pdftex.def Info: ./Images/fig2a.png  used on input line 143.
(pdftex.def)             Requested size: 229.32257pt x 195.18022pt.
<./Images/fig2b.png, id=23, 430.60875pt x 296.10625pt>
File: ./Images/fig2b.png Graphic file (type png)
<use ./Images/fig2b.png>
Package pdftex.def Info: ./Images/fig2b.png  used on input line 147.
(pdftex.def)             Requested size: 229.32257pt x 157.69461pt.


LaTeX Warning: `h' float specifier changed to `ht'.


Overfull \hbox (6.30084pt too wide) in paragraph at lines 153--154
\T1/cmr/m/n/10 Rather than aim immediately for an exact estimate of the dimer's
 orientation, for the purposes of interpretation
 []

[3 <./Images/fig1a.png> <./Images/fig1b.png>]
<./Images/fig3a.png, id=35, 462.528pt x 346.896pt>
File: ./Images/fig3a.png Graphic file (type png)
<use ./Images/fig3a.png>
Package pdftex.def Info: ./Images/fig3a.png  used on input line 169.
(pdftex.def)             Requested size: 187.19714pt x 140.39682pt.
<./Images/fig3b.png, id=36, 462.528pt x 346.896pt>
File: ./Images/fig3b.png Graphic file (type png)
<use ./Images/fig3b.png>
Package pdftex.def Info: ./Images/fig3b.png  used on input line 173.
(pdftex.def)             Requested size: 187.19714pt x 140.39682pt.


LaTeX Warning: `h' float specifier changed to `ht'.


Overfull \hbox (16.13364pt too wide) in paragraph at lines 189--194
\T1/cmr/m/n/10 where $\OML/cmm/m/it/10 p\OT1/cmr/m/n/10 ([])$ \T1/cmr/m/n/10 an
d $\OML/cmm/m/it/10 p\OT1/cmr/m/n/10 (\OML/cmm/m/it/10 y[]; y[]; y[]\OT1/cmr/m/
n/10 )$ \T1/cmr/m/n/10 are the prior estimates of the distributions of particle
 orientations and instantaneous
 []

[4 <./Images/fig2a.png> <./Images/fig2b.png>]
Overfull \hbox (1.27795pt too wide) in paragraph at lines 208--209
[]\T1/cmr/m/n/10 To evaluate the above estimation of dimer orientation from sca
ttering signal, we use a Brownian simulation
 []

[5 <./Images/fig3a.png> <./Images/fig3b.png>]
<./Images/fig4a.png, id=51, 268.8444pt x 210.3057pt>
File: ./Images/fig4a.png Graphic file (type png)
<use ./Images/fig4a.png>
Package pdftex.def Info: ./Images/fig4a.png  used on input line 253.
(pdftex.def)             Requested size: 229.32257pt x 179.38643pt.
<./Images/fig4b.png, id=52, 281.853pt x 258.7266pt>
File: ./Images/fig4b.png Graphic file (type png)
<use ./Images/fig4b.png>
Package pdftex.def Info: ./Images/fig4b.png  used on input line 257.
(pdftex.def)             Requested size: 187.19714pt x 171.84177pt.
 [6 <./Images/fig4a.png> <./Images/fig4b.png>]
<./Images/fig5.png, id=58, 578.16pt x 433.62pt>
File: ./Images/fig5.png Graphic file (type png)
<use ./Images/fig5.png>
Package pdftex.def Info: ./Images/fig5.png  used on input line 276.
(pdftex.def)             Requested size: 234.0pt x 175.49603pt.
 [7 <./Images/fig5.png>]
<./Images/fig8a.png, id=65, 578.16pt x 433.62pt>
File: ./Images/fig8a.png Graphic file (type png)
<use ./Images/fig8a.png>
Package pdftex.def Info: ./Images/fig8a.png  used on input line 296.
(pdftex.def)             Requested size: 234.0pt x 175.49603pt.
 [8 <./Images/fig8a.png>]
<./Images/fig7a.png, id=72, 641.7576pt x 479.8728pt>
File: ./Images/fig7a.png Graphic file (type png)
<use ./Images/fig7a.png>
Package pdftex.def Info: ./Images/fig7a.png  used on input line 333.
(pdftex.def)             Requested size: 210.59857pt x 157.47252pt.
<./Images/fig7b.png, id=73, 462.528pt x 346.896pt>
File: ./Images/fig7b.png Graphic file (type png)
<use ./Images/fig7b.png>
Package pdftex.def Info: ./Images/fig7b.png  used on input line 337.
(pdftex.def)             Requested size: 210.59857pt x 157.94908pt.
File: ./Images/fig8a.png Graphic file (type png)
<use ./Images/fig8a.png>
Package pdftex.def Info: ./Images/fig8a.png  used on input line 358.
(pdftex.def)             Requested size: 154.44086pt x 115.82845pt.
<./Images/fig8b.png, id=74, 578.16pt x 433.62pt>
File: ./Images/fig8b.png Graphic file (type png)
<use ./Images/fig8b.png>
Package pdftex.def Info: ./Images/fig8b.png  used on input line 362.
(pdftex.def)             Requested size: 145.07886pt x 108.80833pt.
<./Images/fig8c.png, id=75, 578.16pt x 433.62pt>
File: ./Images/fig8c.png Graphic file (type png)
<use ./Images/fig8c.png>
Package pdftex.def Info: ./Images/fig8c.png  used on input line 366.
(pdftex.def)             Requested size: 145.07886pt x 108.80833pt.


LaTeX Warning: `h' float specifier changed to `ht'.

[9 <./Images/fig7a.png> <./Images/fig7b.png>]
<./Images/fig9a.png, id=81, 578.16pt x 433.62pt>
File: ./Images/fig9a.png Graphic file (type png)
<use ./Images/fig9a.png>
Package pdftex.def Info: ./Images/fig9a.png  used on input line 377.
(pdftex.def)             Requested size: 145.07886pt x 108.80833pt.
<./Images/fig9b.png, id=82, 578.16pt x 433.62pt>
File: ./Images/fig9b.png Graphic file (type png)
<use ./Images/fig9b.png>
Package pdftex.def Info: ./Images/fig9b.png  used on input line 381.
(pdftex.def)             Requested size: 145.07886pt x 108.80833pt.
<./Images/fig9c.png, id=83, 578.16pt x 433.62pt>
File: ./Images/fig9c.png Graphic file (type png)
<use ./Images/fig9c.png>
Package pdftex.def Info: ./Images/fig9c.png  used on input line 385.
(pdftex.def)             Requested size: 145.07886pt x 108.80833pt.
 [10 <./Images/fig8b.png> <./Images/fig8c.png> <./Images/fig9a.png> <./Images/f
ig9b.png> <./Images/fig9c.png>]
<./Images/Detector vs distance_modified.png, id=92, 860.4948pt x 535.2798pt>
File: ./Images/Detector vs distance_modified.png Graphic file (type png)
<use ./Images/Detector vs distance_modified.png>
Package pdftex.def Info: ./Images/Detector vs distance_modified.png  used on in
put line 410.
(pdftex.def)             Requested size: 351.0pt x 218.34715pt.
<./Images/fig10a.png, id=93, 578.16pt x 433.62pt>
File: ./Images/fig10a.png Graphic file (type png)
<use ./Images/fig10a.png>
Package pdftex.def Info: ./Images/fig10a.png  used on input line 421.
(pdftex.def)             Requested size: 149.76343pt x 112.3217pt.
<./Images/fig10b.png, id=94, 578.16pt x 433.62pt>
File: ./Images/fig10b.png Graphic file (type png)
<use ./Images/fig10b.png>
Package pdftex.def Info: ./Images/fig10b.png  used on input line 425.
(pdftex.def)             Requested size: 149.76343pt x 112.3217pt.
<./Images/fig10c.png, id=95, 578.16pt x 433.62pt>
File: ./Images/fig10c.png Graphic file (type png)
<use ./Images/fig10c.png>
Package pdftex.def Info: ./Images/fig10c.png  used on input line 429.
(pdftex.def)             Requested size: 149.76343pt x 112.3217pt.


LaTeX Warning: `h' float specifier changed to `ht'.

<./Images/fig11a.png, id=96, 578.16pt x 433.62pt>
File: ./Images/fig11a.png Graphic file (type png)
<use ./Images/fig11a.png>
Package pdftex.def Info: ./Images/fig11a.png  used on input line 443.
(pdftex.def)             Requested size: 149.76343pt x 112.3217pt.
<./Images/fig11b.png, id=97, 578.16pt x 433.62pt>
File: ./Images/fig11b.png Graphic file (type png)
<use ./Images/fig11b.png>
Package pdftex.def Info: ./Images/fig11b.png  used on input line 447.
(pdftex.def)             Requested size: 149.76343pt x 112.3217pt.
<./Images/fig11c.png, id=98, 578.16pt x 433.62pt>
File: ./Images/fig11c.png Graphic file (type png)
<use ./Images/fig11c.png>
Package pdftex.def Info: ./Images/fig11c.png  used on input line 451.
(pdftex.def)             Requested size: 149.76343pt x 112.3217pt.

LaTeX Warning: `h' float specifier changed to `ht'.

[11 <./Images/Detector vs distance_modified.png>] [12 <./Images/fig10a.png> <./
Images/fig10b.png> <./Images/fig10c.png> <./Images/fig11a.png> <./Images/fig11b
.png> <./Images/fig11c.png>]
Underfull \hbox (badness 10000) in paragraph at lines 471--472

 []


Underfull \hbox (badness 10000) in paragraph at lines 473--474

 []

(Manuscript_Optical Communications.bbl [13]) [14] [15

] [16]
(Manuscript_Optical Communications.aux) ) 
Here is how much of TeX's memory you used:
 10678 strings out of 475385
 193436 string characters out of 2775491
 599389 words of memory out of 3000000
 31829 multiletter control sequences out of 15000+600000
 487341 words of font info for 74 fonts, out of 8000000 for 9000
 1141 hyphenation exceptions out of 8191
 110i,19n,106p,1992b,558s stack positions out of 10000i,1000n,20000p,200000b,80000s
 <C:\Users\xbb16146\AppData\Local\MiKT
eX\fonts/pk/ljfour/jknappen/ec/dpi600\ecrm0900.pk> <C:\Users\xbb16146\AppData\L
ocal\MiKTeX\fonts/pk/ljfour/jknappen/ec/dpi600\ectt0800.pk> <C:\Users\xbb16146\
AppData\Local\MiKTeX\fonts/pk/ljfour/jknappen/ec/dpi600\ecrm0800.pk> <C:\Users\
xbb16146\AppData\Local\MiKTeX\fonts/pk/ljfour/jknappen/ec/dpi600\ecti1000.pk> <
C:\Users\xbb16146\AppData\Local\MiKTeX\fonts/pk/ljfour/jknappen/ec/dpi600\ecbx1
000.pk> <C:\Users\xbb16146\AppData\Local\MiKTeX\fonts/pk/ljfour/jknappen/ec/dpi
600\ecti0800.pk> <C:\Users\xbb16146\AppData\Local\MiKTeX\fonts/pk/ljfour/jknapp
en/ec/dpi600\ecti0600.pk> <C:\Users\xbb16146\AppData\Local\MiKTeX\fonts/pk/ljfo
ur/jknappen/ec/dpi600\ecrm0700.pk> <C:\Users\xbb16146\AppData\Local\MiKTeX\font
s/pk/ljfour/jknappen/ec/dpi600\ecrm1000.pk> <C:\Users\xbb16146\AppData\Local\Mi
KTeX\fonts/pk/ljfour/jknappen/ec/dpi600\ecrm1440.pk><C:/Users/xbb16146/AppData/
Local/Programs/MiKTeX/fonts/type1/public/amsfonts/cm/cmbx10.pfb><C:/Users/xbb16
146/AppData/Local/Programs/MiKTeX/fonts/type1/public/amsfonts/cm/cmbx7.pfb><C:/
Users/xbb16146/AppData/Local/Programs/MiKTeX/fonts/type1/public/amsfonts/cm/cmb
x8.pfb><C:/Users/xbb16146/AppData/Local/Programs/MiKTeX/fonts/type1/public/amsf
onts/cm/cmex10.pfb><C:/Users/xbb16146/AppData/Local/Programs/MiKTeX/fonts/type1
/public/amsfonts/cm/cmmi10.pfb><C:/Users/xbb16146/AppData/Local/Programs/MiKTeX
/fonts/type1/public/amsfonts/cm/cmmi5.pfb><C:/Users/xbb16146/AppData/Local/Prog
rams/MiKTeX/fonts/type1/public/amsfonts/cm/cmmi6.pfb><C:/Users/xbb16146/AppData
/Local/Programs/MiKTeX/fonts/type1/public/amsfonts/cm/cmmi7.pfb><C:/Users/xbb16
146/AppData/Local/Programs/MiKTeX/fonts/type1/public/amsfonts/cm/cmmi8.pfb><C:/
Users/xbb16146/AppData/Local/Programs/MiKTeX/fonts/type1/public/amsfonts/cm/cmm
i9.pfb><C:/Users/xbb16146/AppData/Local/Programs/MiKTeX/fonts/type1/public/amsf
onts/cm/cmr10.pfb><C:/Users/xbb16146/AppData/Local/Programs/MiKTeX/fonts/type1/
public/amsfonts/cm/cmr5.pfb><C:/Users/xbb16146/AppData/Local/Programs/MiKTeX/fo
nts/type1/public/amsfonts/cm/cmr7.pfb><C:/Users/xbb16146/AppData/Local/Programs
/MiKTeX/fonts/type1/public/amsfonts/cm/cmr8.pfb><C:/Users/xbb16146/AppData/Loca
l/Programs/MiKTeX/fonts/type1/public/amsfonts/cm/cmsy10.pfb><C:/Users/xbb16146/
AppData/Local/Programs/MiKTeX/fonts/type1/public/amsfonts/cm/cmsy6.pfb><C:/User
s/xbb16146/AppData/Local/Programs/MiKTeX/fonts/type1/public/amsfonts/cm/cmsy7.p
fb>
Output written on "Manuscript_Optical Communications.pdf" (16 pages, 1753769 by
tes).
PDF statistics:
 597 PDF objects out of 1000 (max. 8388607)
 0 named destinations out of 1000 (max. 500000)
 121 words of extra memory for PDF output out of 10000 (max. 10000000)

