This is pdfTeX, Version 3.141592653-2.6-1.40.24 (MiKTeX 22.10) (preloaded format=pdflatex 2023.3.31)  25 OCT 2023 11:11
entering extended mode
 restricted \write18 enabled.
 %&-line parsing enabled.
**./Manuscript_Spie.tex
(Manuscript_Spie.tex
LaTeX2e <2022-06-01> patch level 5
L3 programming layer <2022-09-28> (spieman.cls
Document Class: spieman 2015/07/24 v1.10 SPIE manuscript class
(C:\Users\xbb16146\AppData\Local\Programs\MiKTeX\tex/latex/base\article.cls
Document Class: article 2021/10/04 v1.4n Standard LaTeX document class
(C:\Users\xbb16146\AppData\Local\Programs\MiKTeX\tex/latex/base\size12.clo
File: size12.clo 2021/10/04 v1.4n Standard LaTeX file (size option)
)
\c@part=\count185
\c@section=\count186
\c@subsection=\count187
\c@subsubsection=\count188
\c@paragraph=\count189
\c@subparagraph=\count190
\c@figure=\count191
\c@table=\count192
\abovecaptionskip=\skip47
\belowcaptionskip=\skip48
\bibindent=\dimen138
)
twelve-point font

(C:\Users\xbb16146\AppData\Local\Programs\MiKTeX\tex/latex/preprint\authblk.sty
Package: authblk 2001/02/27 1.3 (PWD)
\affilsep=\skip49
\@affilsep=\skip50
\c@Maxaffil=\count193
\c@authors=\count194
\c@affil=\count195
) (C:\Users\xbb16146\AppData\Local\Programs\MiKTeX\tex/latex/psnfss\times.sty
Package: times 2020/03/25 PSNFSS-v9.3 (SPQR) 
)
(C:\Users\xbb16146\AppData\Local\Programs\MiKTeX\tex/latex/float\float.sty
Package: float 2001/11/08 v1.3d Float enhancements (AL)
\c@float@type=\count196
\float@exts=\toks16
\float@box=\box51
\@float@everytoks=\toks17
\@floatcapt=\box52
)
(C:\Users\xbb16146\AppData\Local\Programs\MiKTeX\tex/latex/base\ifthen.sty
Package: ifthen 2022/04/13 v1.1d Standard LaTeX ifthen package (DPC)
)
(C:\Users\xbb16146\AppData\Local\Programs\MiKTeX\tex/latex/setspace\setspace.st
y
Package: setspace 2022/12/04 v6.7b set line spacing
) (C:\Users\xbb16146\AppData\Local\Programs\MiKTeX\tex/latex/cite\cite.sty
LaTeX Info: Redefining \cite on input line 302.
LaTeX Info: Redefining \nocite on input line 332.
Package: cite 2015/02/27  v 5.5
LaTeX Info: Redefining \cite on input line 441.
)
(C:\Users\xbb16146\AppData\Local\Programs\MiKTeX\tex/latex/graphics\color.sty
Package: color 2022/01/06 v1.3d Standard LaTeX Color (DPC)

(C:\Users\xbb16146\AppData\Local\Programs\MiKTeX\tex/latex/graphics-cfg\color.c
fg
File: color.cfg 2016/01/02 v1.6 sample color configuration
)
Package color Info: Driver file: pdftex.def on input line 149.

(C:\Users\xbb16146\AppData\Local\Programs\MiKTeX\tex/latex/graphics-def\pdftex.
def
File: pdftex.def 2022/09/22 v1.2b Graphics/color driver for pdftex
\stockwidth=\dimen139
\stockheight=\dimen140
)
(C:\Users\xbb16146\AppData\Local\Programs\MiKTeX\tex/latex/graphics\mathcolor.l
tx))
(C:\Users\xbb16146\AppData\Local\Programs\MiKTeX\tex/latex/hyperref\hyperref.st
y
Package: hyperref 2022-09-22 v7.00t Hypertext links for LaTeX

(C:\Users\xbb16146\AppData\Local\Programs\MiKTeX\tex/generic/ltxcmds\ltxcmds.st
y
Package: ltxcmds 2020-05-10 v1.25 LaTeX kernel commands for general use (HO)
) (C:\Users\xbb16146\AppData\Local\Programs\MiKTeX\tex/generic/iftex\iftex.sty
Package: iftex 2022/02/03 v1.0f TeX engine tests
)
(C:\Users\xbb16146\AppData\Local\Programs\MiKTeX\tex/generic/pdftexcmds\pdftexc
mds.sty
Package: pdftexcmds 2020-06-27 v0.33 Utility functions of pdfTeX for LuaTeX (HO
)

(C:\Users\xbb16146\AppData\Local\Programs\MiKTeX\tex/generic/infwarerr\infwarer
r.sty
Package: infwarerr 2019/12/03 v1.5 Providing info/warning/error messages (HO)
)
Package pdftexcmds Info: \pdf@primitive is available.
Package pdftexcmds Info: \pdf@ifprimitive is available.
Package pdftexcmds Info: \pdfdraftmode found.
)
(C:\Users\xbb16146\AppData\Local\Programs\MiKTeX\tex/latex/graphics\keyval.sty
Package: keyval 2022/05/29 v1.15 key=value parser (DPC)
\KV@toks@=\toks18
)
(C:\Users\xbb16146\AppData\Local\Programs\MiKTeX\tex/latex/kvsetkeys\kvsetkeys.
sty
Package: kvsetkeys 2022-10-05 v1.19 Key value parser (HO)
)
(C:\Users\xbb16146\AppData\Local\Programs\MiKTeX\tex/generic/kvdefinekeys\kvdef
inekeys.sty
Package: kvdefinekeys 2019-12-19 v1.6 Define keys (HO)
)
(C:\Users\xbb16146\AppData\Local\Programs\MiKTeX\tex/generic/pdfescape\pdfescap
e.sty
Package: pdfescape 2019/12/09 v1.15 Implements pdfTeX's escape features (HO)
)
(C:\Users\xbb16146\AppData\Local\Programs\MiKTeX\tex/latex/hycolor\hycolor.sty
Package: hycolor 2020-01-27 v1.10 Color options for hyperref/bookmark (HO)
)
(C:\Users\xbb16146\AppData\Local\Programs\MiKTeX\tex/latex/letltxmacro\letltxma
cro.sty
Package: letltxmacro 2019/12/03 v1.6 Let assignment for LaTeX macros (HO)
)
(C:\Users\xbb16146\AppData\Local\Programs\MiKTeX\tex/latex/auxhook\auxhook.sty
Package: auxhook 2019-12-17 v1.6 Hooks for auxiliary files (HO)
)
(C:\Users\xbb16146\AppData\Local\Programs\MiKTeX\tex/latex/hyperref\nameref.sty
Package: nameref 2022-05-17 v2.50 Cross-referencing by name of section

(C:\Users\xbb16146\AppData\Local\Programs\MiKTeX\tex/latex/refcount\refcount.st
y
Package: refcount 2019/12/15 v3.6 Data extraction from label references (HO)
)
(C:\Users\xbb16146\AppData\Local\Programs\MiKTeX\tex/generic/gettitlestring\get
titlestring.sty
Package: gettitlestring 2019/12/15 v1.6 Cleanup title references (HO)

(C:\Users\xbb16146\AppData\Local\Programs\MiKTeX\tex/latex/kvoptions\kvoptions.
sty
Package: kvoptions 2022-06-15 v3.15 Key value format for package options (HO)
))
\c@section@level=\count197
)
\@linkdim=\dimen141
\Hy@linkcounter=\count198
\Hy@pagecounter=\count199

(C:\Users\xbb16146\AppData\Local\Programs\MiKTeX\tex/latex/hyperref\pd1enc.def
File: pd1enc.def 2022-09-22 v7.00t Hyperref: PDFDocEncoding definition (HO)
Now handling font encoding PD1 ...
... no UTF-8 mapping file for font encoding PD1
)
(C:\Users\xbb16146\AppData\Local\Programs\MiKTeX\tex/generic/intcalc\intcalc.st
y
Package: intcalc 2019/12/15 v1.3 Expandable calculations with integers (HO)
)
(C:\Users\xbb16146\AppData\Local\Programs\MiKTeX\tex/generic/etexcmds\etexcmds.
sty
Package: etexcmds 2019/12/15 v1.7 Avoid name clashes with e-TeX commands (HO)
)
\Hy@SavedSpaceFactor=\count266

(C:\Users\xbb16146\AppData\Local\Programs\MiKTeX\tex/latex/hyperref\puenc.def
File: puenc.def 2022-09-22 v7.00t Hyperref: PDF Unicode definition (HO)
Now handling font encoding PU ...
... no UTF-8 mapping file for font encoding PU
)
Package hyperref Info: Option `colorlinks' set `true' on input line 4045.
Package hyperref Info: Hyper figures OFF on input line 4162.
Package hyperref Info: Link nesting OFF on input line 4167.
Package hyperref Info: Hyper index ON on input line 4170.
Package hyperref Info: Plain pages OFF on input line 4177.
Package hyperref Info: Backreferencing OFF on input line 4182.
Package hyperref Info: Implicit mode ON; LaTeX internals redefined.
Package hyperref Info: Bookmarks ON on input line 4410.
\c@Hy@tempcnt=\count267

(C:\Users\xbb16146\AppData\Local\Programs\MiKTeX\tex/latex/url\url.sty
\Urlmuskip=\muskip16
Package: url 2013/09/16  ver 3.4  Verb mode for urls, etc.
)
LaTeX Info: Redefining \url on input line 4748.
\XeTeXLinkMargin=\dimen142

(C:\Users\xbb16146\AppData\Local\Programs\MiKTeX\tex/generic/bitset\bitset.sty
Package: bitset 2019/12/09 v1.3 Handle bit-vector datatype (HO)

(C:\Users\xbb16146\AppData\Local\Programs\MiKTeX\tex/generic/bigintcalc\bigintc
alc.sty
Package: bigintcalc 2019/12/15 v1.5 Expandable calculations on big integers (HO
)
))
\Fld@menulength=\count268
\Field@Width=\dimen143
\Fld@charsize=\dimen144
Package hyperref Info: Hyper figures OFF on input line 6027.
Package hyperref Info: Link nesting OFF on input line 6032.
Package hyperref Info: Hyper index ON on input line 6035.
Package hyperref Info: backreferencing OFF on input line 6042.
Package hyperref Info: Link coloring ON on input line 6045.
Package hyperref Info: Link coloring with OCG OFF on input line 6052.
Package hyperref Info: PDF/A mode OFF on input line 6057.

(C:\Users\xbb16146\AppData\Local\Programs\MiKTeX\tex/latex/base\atbegshi-ltx.st
y
Package: atbegshi-ltx 2021/01/10 v1.0c Emulation of the original atbegshi
package with kernel methods
)
\Hy@abspage=\count269
\c@Item=\count270
\c@Hfootnote=\count271
)
Package hyperref Info: Driver (autodetected): hpdftex.

(C:\Users\xbb16146\AppData\Local\Programs\MiKTeX\tex/latex/hyperref\hpdftex.def
File: hpdftex.def 2022-09-22 v7.00t Hyperref driver for pdfTeX

(C:\Users\xbb16146\AppData\Local\Programs\MiKTeX\tex/latex/base\atveryend-ltx.s
ty
Package: atveryend-ltx 2020/08/19 v1.0a Emulation of the original atveryend pac
kage
with kernel methods
)
\Fld@listcount=\count272
\c@bookmark@seq@number=\count273

(C:\Users\xbb16146\AppData\Local\Programs\MiKTeX\tex/latex/rerunfilecheck\rerun
filecheck.sty
Package: rerunfilecheck 2022-07-10 v1.10 Rerun checks for auxiliary files (HO)

(C:\Users\xbb16146\AppData\Local\Programs\MiKTeX\tex/generic/uniquecounter\uniq
uecounter.sty
Package: uniquecounter 2019/12/15 v1.4 Provide unlimited unique counter (HO)
)
Package uniquecounter Info: New unique counter `rerunfilecheck' on input line 2
85.
)
\Hy@SectionHShift=\skip51
)
\c@theorem=\count274
)
(C:\Users\xbb16146\AppData\Local\Programs\MiKTeX\tex/latex/csvsimple\csvsimple.
sty
(C:\Users\xbb16146\AppData\Local\Programs\MiKTeX\tex/latex/l3packages/l3keys2e\
l3keys2e.sty
(C:\Users\xbb16146\AppData\Local\Programs\MiKTeX\tex/latex/l3kernel\expl3.sty
Package: expl3 2022-09-28 L3 programming layer (loader) 

(C:\Users\xbb16146\AppData\Local\Programs\MiKTeX\tex/latex/l3backend\l3backend-
pdftex.def
File: l3backend-pdftex.def 2022-09-28 L3 backend support: PDF output (pdfTeX)
\l__color_backend_stack_int=\count275
\l__pdf_internal_box=\box53
))
Package: l3keys2e 2022-06-22 LaTeX2e option processing using LaTeX3 keys
)
Package: csvsimple 2022/09/20 v2.3.2 LaTeX CSV file processing
)
(C:\Users\xbb16146\AppData\Local\Programs\MiKTeX\tex/latex/csvsimple\csvsimple-
legacy.sty
Package: csvsimple-legacy 2022/09/20 version 2.3.2 LaTeX2e CSV file processing

(C:\Users\xbb16146\AppData\Local\Programs\MiKTeX\tex/latex/pgf/utilities\pgfrcs
.sty
(C:\Users\xbb16146\AppData\Local\Programs\MiKTeX\tex/generic/pgf/utilities\pgfu
til-common.tex
\pgfutil@everybye=\toks19
\pgfutil@tempdima=\dimen145
\pgfutil@tempdimb=\dimen146

(C:\Users\xbb16146\AppData\Local\Programs\MiKTeX\tex/generic/pgf/utilities\pgfu
til-common-lists.tex))
(C:\Users\xbb16146\AppData\Local\Programs\MiKTeX\tex/generic/pgf/utilities\pgfu
til-latex.def
\pgfutil@abb=\box54
)
(C:\Users\xbb16146\AppData\Local\Programs\MiKTeX\tex/generic/pgf/utilities\pgfr
cs.code.tex
(C:\Users\xbb16146\AppData\Local\Programs\MiKTeX\tex/generic/pgf\pgf.revision.t
ex)
Package: pgfrcs 2021/05/15 v3.1.9a (3.1.9a)
))
(C:\Users\xbb16146\AppData\Local\Programs\MiKTeX\tex/latex/pgf/utilities\pgfkey
s.sty
(C:\Users\xbb16146\AppData\Local\Programs\MiKTeX\tex/generic/pgf/utilities\pgfk
eys.code.tex
\pgfkeys@pathtoks=\toks20
\pgfkeys@temptoks=\toks21

(C:\Users\xbb16146\AppData\Local\Programs\MiKTeX\tex/generic/pgf/utilities\pgfk
eysfiltered.code.tex
\pgfkeys@tmptoks=\toks22
)))
(C:\Users\xbb16146\AppData\Local\Programs\MiKTeX\tex/latex/etoolbox\etoolbox.st
y
Package: etoolbox 2020/10/05 v2.5k e-TeX tools for LaTeX (JAW)
\etb@tempcnta=\count276
)
(C:\Users\xbb16146\AppData\Local\Programs\MiKTeX\tex/latex/tools\shellesc.sty
Package: shellesc 2019/11/08 v1.0c unified shell escape interface for LaTeX
Package shellesc Info: Restricted shell escape enabled on input line 77.
)
\csv@file=\read2
\c@csvinputline=\count277
\c@csvrow=\count278
\c@csvcol=\count279
\csv@out=\write3
) (C:\Users\xbb16146\AppData\Local\Programs\MiKTeX\tex/latex/lineno\lineno.sty
Package: lineno 2023/01/19 line numbers on paragraphs v5.1
\linenopenalty=\count280
\output=\toks23
\linenoprevgraf=\count281
\linenumbersep=\dimen147
\linenumberwidth=\dimen148
\c@linenumber=\count282
\c@pagewiselinenumber=\count283
\c@LN@truepage=\count284
\c@internallinenumber=\count285
\c@internallinenumbers=\count286
\quotelinenumbersep=\dimen149
\bframerule=\dimen150
\bframesep=\dimen151
\bframebox=\box55
LaTeX Info: Redefining \\ on input line 3131.
)
(C:\Users\xbb16146\AppData\Local\Programs\MiKTeX\tex/latex/amsmath\amsmath.sty
Package: amsmath 2022/04/08 v2.17n AMS math features
\@mathmargin=\skip52

For additional information on amsmath, use the `?' option.
(C:\Users\xbb16146\AppData\Local\Programs\MiKTeX\tex/latex/amsmath\amstext.sty
Package: amstext 2021/08/26 v2.01 AMS text

(C:\Users\xbb16146\AppData\Local\Programs\MiKTeX\tex/latex/amsmath\amsgen.sty
File: amsgen.sty 1999/11/30 v2.0 generic functions
\@emptytoks=\toks24
\ex@=\dimen152
)) (C:\Users\xbb16146\AppData\Local\Programs\MiKTeX\tex/latex/amsmath\amsbsy.st
y
Package: amsbsy 1999/11/29 v1.2d Bold Symbols
\pmbraise@=\dimen153
) (C:\Users\xbb16146\AppData\Local\Programs\MiKTeX\tex/latex/amsmath\amsopn.sty
Package: amsopn 2022/04/08 v2.04 operator names
)
\inf@bad=\count287
LaTeX Info: Redefining \frac on input line 234.
\uproot@=\count288
\leftroot@=\count289
LaTeX Info: Redefining \overline on input line 399.
LaTeX Info: Redefining \colon on input line 410.
\classnum@=\count290
\DOTSCASE@=\count291
LaTeX Info: Redefining \ldots on input line 496.
LaTeX Info: Redefining \dots on input line 499.
LaTeX Info: Redefining \cdots on input line 620.
\Mathstrutbox@=\box56
\strutbox@=\box57
LaTeX Info: Redefining \big on input line 722.
LaTeX Info: Redefining \Big on input line 723.
LaTeX Info: Redefining \bigg on input line 724.
LaTeX Info: Redefining \Bigg on input line 725.
\big@size=\dimen154
LaTeX Font Info:    Redeclaring font encoding OML on input line 743.
LaTeX Font Info:    Redeclaring font encoding OMS on input line 744.
\macc@depth=\count292
LaTeX Info: Redefining \bmod on input line 905.
LaTeX Info: Redefining \pmod on input line 910.
LaTeX Info: Redefining \smash on input line 940.
LaTeX Info: Redefining \relbar on input line 970.
LaTeX Info: Redefining \Relbar on input line 971.
\c@MaxMatrixCols=\count293
\dotsspace@=\muskip17
\c@parentequation=\count294
\dspbrk@lvl=\count295
\tag@help=\toks25
\row@=\count296
\column@=\count297
\maxfields@=\count298
\andhelp@=\toks26
\eqnshift@=\dimen155
\alignsep@=\dimen156
\tagshift@=\dimen157
\tagwidth@=\dimen158
\totwidth@=\dimen159
\lineht@=\dimen160
\@envbody=\toks27
\multlinegap=\skip53
\multlinetaggap=\skip54
\mathdisplay@stack=\toks28
LaTeX Info: Redefining \[ on input line 2953.
LaTeX Info: Redefining \] on input line 2954.
)
\linenoamsmath@ams@eqpen=\count299

(C:\Users\xbb16146\AppData\Local\Programs\MiKTeX\tex/latex/caption\subcaption.s
ty
Package: subcaption 2023/02/19 v1.6 Sub-captions (AR)

(C:\Users\xbb16146\AppData\Local\Programs\MiKTeX\tex/latex/caption\caption.sty
Package: caption 2023/03/12 v3.6j Customizing captions (AR)

(C:\Users\xbb16146\AppData\Local\Programs\MiKTeX\tex/latex/caption\caption3.sty
Package: caption3 2023/03/12 v2.4 caption3 kernel (AR)
\caption@tempdima=\dimen161
\captionmargin=\dimen162
\caption@leftmargin=\dimen163
\caption@rightmargin=\dimen164
\caption@width=\dimen165
\caption@indent=\dimen166
\caption@parindent=\dimen167
\caption@hangindent=\dimen168
Package caption Info: Unknown document class (or package),
(caption)             standard defaults will be used.
Package caption Info: \@makecaption = \long macro:#1#2->\vskip \abovecaptionski
p \sbox \@tempboxa {{{\footnotesize \bfseries #1} {\footnotesize #2}}}\ifdim \w
d \@tempboxa >\hsize {{\footnotesize \bfseries #1} {\footnotesize #2} \par } \e
lse \global \@minipagefalse \hb@xt@ \hsize {\hfil \box \@tempboxa \hfil }\fi \v
skip \belowcaptionskip  on input line 1176.
)

Package caption Warning: Unknown document class (or package),
(caption)                standard defaults will be used.
See the caption package documentation for explanation.

\c@caption@flags=\count300
\c@continuedfloat=\count301
Package caption Info: float package is loaded.
Package caption Info: hyperref package is loaded.
)
Package caption Info: New subtype `subfigure' on input line 239.
\c@subfigure=\count302
Package caption Info: New subtype `subtable' on input line 239.
\c@subtable=\count303
) (C:\Users\xbb16146\AppData\Local\Programs\MiKTeX\tex/latex/base\fontenc.sty
Package: fontenc 2021/04/29 v2.0v Standard LaTeX package
LaTeX Font Info:    Trying to load font information for T1+ptm on input line 11
2.

(C:\Users\xbb16146\AppData\Local\Programs\MiKTeX\tex/latex/psnfss\t1ptm.fd
File: t1ptm.fd 2001/06/04 font definitions for T1/ptm.
))
(C:\Users\xbb16146\AppData\Local\Programs\MiKTeX\tex/generic/babel\babel.sty
Package: babel 2022/10/04 3.81 The Babel package
\babel@savecnt=\count304
\U@D=\dimen169
\l@unhyphenated=\language79

(C:\Users\xbb16146\AppData\Local\Programs\MiKTeX\tex/generic/babel\txtbabel.def
)
\bbl@readstream=\read3
\bbl@dirlevel=\count305

*************************************
* Local config file bblopts.cfg used
*
(C:\Users\xbb16146\AppData\Local\Programs\MiKTeX\tex/latex/arabi\bblopts.cfg
File: bblopts.cfg 2005/09/08 v0.1 add Arabic and Farsi to "declared" options of
 babel
)
Package babel Info: You haven't specified a language. I'll use 'nil'
(babel)             as the main language. Reported on input line 4432.

(C:\Users\xbb16146\AppData\Local\Programs\MiKTeX\tex/generic/babel\nil.ldf
Language: nil 2022/10/04 3.81 Nil language
\l@nil=\language80
))
(C:\Users\xbb16146\AppData\Local\Programs\MiKTeX\tex/latex/wrapfig\wrapfig.sty
\wrapoverhang=\dimen170
\WF@size=\dimen171
\c@WF@wrappedlines=\count306
\WF@box=\box58
\WF@everypar=\toks29
Package: wrapfig 2003/01/31  v 3.6
)
(C:\Users\xbb16146\AppData\Local\Programs\MiKTeX\tex/latex/geometry\geometry.st
y
Package: geometry 2020/01/02 v5.9 Page Geometry
 (C:\Users\xbb16146\AppData\Local\Programs\MiKTeX\tex/generic/iftex\ifvtex.sty
Package: ifvtex 2019/10/25 v1.7 ifvtex legacy package. Use iftex instead.
)
\Gm@cnth=\count307
\Gm@cntv=\count308
\c@Gm@tempcnt=\count309
\Gm@bindingoffset=\dimen172
\Gm@wd@mp=\dimen173
\Gm@odd@mp=\dimen174
\Gm@even@mp=\dimen175
\Gm@layoutwidth=\dimen176
\Gm@layoutheight=\dimen177
\Gm@layouthoffset=\dimen178
\Gm@layoutvoffset=\dimen179
\Gm@dimlist=\toks30

(C:\Users\xbb16146\AppData\Local\Programs\MiKTeX\tex/latex/geometry\geometry.cf
g))
(C:\Users\xbb16146\AppData\Local\Programs\MiKTeX\tex/latex/fancyref\fancyref.st
y
Package: fancyref 1999/02/03 v0.9c Fancy cross-referencing
 (C:\Users\xbb16146\AppData\Local\Programs\MiKTeX\tex/latex/tools\varioref.sty
Package: varioref 2022/01/09 v1.6f package for extended references (FMi)
\c@vrcnt=\count310
))
(C:\Users\xbb16146\AppData\Local\Programs\MiKTeX\tex/latex/nomencl\nomencl.sty
Package: nomencl 2021/11/10 v5.6 Nomenclature package

(C:\Users\xbb16146\AppData\Local\Programs\MiKTeX\tex/latex/xkeyval\xkeyval.sty
Package: xkeyval 2022/06/16 v2.9 package option processing (HA)

(C:\Users\xbb16146\AppData\Local\Programs\MiKTeX\tex/generic/xkeyval\xkeyval.te
x
(C:\Users\xbb16146\AppData\Local\Programs\MiKTeX\tex/generic/xkeyval\xkvutils.t
ex
\XKV@toks=\toks31
\XKV@tempa@toks=\toks32
)
\XKV@depth=\count311
File: xkeyval.tex 2014/12/03 v2.7a key=value parser (HA)
))
(C:\Users\xbb16146\AppData\Local\Programs\MiKTeX\tex/latex/koma-script\tocbasic
.sty
Package: tocbasic 2022/10/12 v3.38 KOMA-Script package (handling toc-files)

(C:\Users\xbb16146\AppData\Local\Programs\MiKTeX\tex/latex/koma-script\scrbase.
sty
Package: scrbase 2022/10/12 v3.38 KOMA-Script package (KOMA-Script-independent 
basics and keyval usage)

(C:\Users\xbb16146\AppData\Local\Programs\MiKTeX\tex/latex/koma-script\scrlfile
.sty
Package: scrlfile 2022/10/12 v3.38 KOMA-Script package (file load hooks)

(C:\Users\xbb16146\AppData\Local\Programs\MiKTeX\tex/latex/koma-script\scrlfile
-hook.sty
Package: scrlfile-hook 2022/10/12 v3.38 KOMA-Script package (using LaTeX hooks)


(C:\Users\xbb16146\AppData\Local\Programs\MiKTeX\tex/latex/koma-script\scrlogo.
sty
Package: scrlogo 2022/10/12 v3.38 KOMA-Script package (logo)
)))
Applying: [2021/05/01] Usage of raw or classic option list on input line 252.
Already applied: [0000/00/00] Usage of raw or classic option list on input line
 368.
)
\scr@dte@tocline@numberwidth=\skip55
\scr@dte@tocline@numbox=\box59
)
Package tocbasic Info: setting babel extension for `nlo' on input line 187.
Package tocbasic Info: setting babel extension for `nls' on input line 188.
\nomlabelwidth=\dimen180
\nom@tempdim=\dimen181
\nomitemsep=\skip56
)
(C:\Users\xbb16146\AppData\Local\Programs\MiKTeX\tex/latex/tools\tabularx.sty
Package: tabularx 2020/01/15 v2.11c `tabularx' package (DPC)

(C:\Users\xbb16146\AppData\Local\Programs\MiKTeX\tex/latex/tools\array.sty
Package: array 2022/03/10 v2.5f Tabular extension package (FMi)
\col@sep=\dimen182
\ar@mcellbox=\box60
\extrarowheight=\dimen183
\NC@list=\toks33
\extratabsurround=\skip57
\backup@length=\skip58
\ar@cellbox=\box61
)
\TX@col@width=\dimen184
\TX@old@table=\dimen185
\TX@old@col=\dimen186
\TX@target=\dimen187
\TX@delta=\dimen188
\TX@cols=\count312
\TX@ftn=\toks34
)
(C:\Users\xbb16146\AppData\Local\Programs\MiKTeX\tex/latex/graphics\graphicx.st
y
Package: graphicx 2021/09/16 v1.2d Enhanced LaTeX Graphics (DPC,SPQR)

(C:\Users\xbb16146\AppData\Local\Programs\MiKTeX\tex/latex/graphics\graphics.st
y
Package: graphics 2022/03/10 v1.4e Standard LaTeX Graphics (DPC,SPQR)
 (C:\Users\xbb16146\AppData\Local\Programs\MiKTeX\tex/latex/graphics\trig.sty
Package: trig 2021/08/11 v1.11 sin cos tan (DPC)
)
(C:\Users\xbb16146\AppData\Local\Programs\MiKTeX\tex/latex/graphics-cfg\graphic
s.cfg
File: graphics.cfg 2016/06/04 v1.11 sample graphics configuration
)
Package graphics Info: Driver file: pdftex.def on input line 107.
)
\Gin@req@height=\dimen189
\Gin@req@width=\dimen190
)
\@nomenclaturefile=\write4
\openout4 = `Manuscript_Spie.nlo'.

Package nomencl Info: Writing nomenclature file Manuscript_Spie.nlo on input li
ne 18.
 (Manuscript_Spie.aux)
\openout1 = `Manuscript_Spie.aux'.

LaTeX Font Info:    Checking defaults for OML/cmm/m/it on input line 38.
LaTeX Font Info:    ... okay on input line 38.
LaTeX Font Info:    Checking defaults for OMS/cmsy/m/n on input line 38.
LaTeX Font Info:    ... okay on input line 38.
LaTeX Font Info:    Checking defaults for OT1/cmr/m/n on input line 38.
LaTeX Font Info:    ... okay on input line 38.
LaTeX Font Info:    Checking defaults for T1/cmr/m/n on input line 38.
LaTeX Font Info:    ... okay on input line 38.
LaTeX Font Info:    Checking defaults for TS1/cmr/m/n on input line 38.
LaTeX Font Info:    ... okay on input line 38.
LaTeX Font Info:    Checking defaults for OMX/cmex/m/n on input line 38.
LaTeX Font Info:    ... okay on input line 38.
LaTeX Font Info:    Checking defaults for U/cmr/m/n on input line 38.
LaTeX Font Info:    ... okay on input line 38.
LaTeX Font Info:    Checking defaults for PD1/pdf/m/n on input line 38.
LaTeX Font Info:    ... okay on input line 38.
LaTeX Font Info:    Checking defaults for PU/pdf/m/n on input line 38.
LaTeX Font Info:    ... okay on input line 38.

(C:\Users\xbb16146\AppData\Local\Programs\MiKTeX\tex/context/base/mkii\supp-pdf
.mkii
[Loading MPS to PDF converter (version 2006.09.02).]
\scratchcounter=\count313
\scratchdimen=\dimen191
\scratchbox=\box62
\nofMPsegments=\count314
\nofMParguments=\count315
\everyMPshowfont=\toks35
\MPscratchCnt=\count316
\MPscratchDim=\dimen192
\MPnumerator=\count317
\makeMPintoPDFobject=\count318
\everyMPtoPDFconversion=\toks36
)
(C:\Users\xbb16146\AppData\Local\Programs\MiKTeX\tex/latex/epstopdf-pkg\epstopd
f-base.sty
Package: epstopdf-base 2020-01-24 v2.11 Base part for package epstopdf
Package epstopdf-base Info: Redefining graphics rule for `.eps' on input line 4
85.

(C:\Users\xbb16146\AppData\Local\Programs\MiKTeX\tex/latex/00miktex\epstopdf-sy
s.cfg
File: epstopdf-sys.cfg 2021/03/18 v2.0 Configuration of epstopdf for MiKTeX
))
Package hyperref Info: Link coloring ON on input line 38.
 (Manuscript_Spie.out) (Manuscript_Spie.out)
\@outlinefile=\write5
\openout5 = `Manuscript_Spie.out'.

Package caption Info: Begin \AtBeginDocument code.
Package caption Info: wrapfig package is loaded.
Package caption Info: End \AtBeginDocument code.

*geometry* driver: auto-detecting
*geometry* detected driver: pdftex
*geometry* verbose mode - [ preamble ] result:
* driver: pdftex
* paper: <default>
* layout: <same size as paper>
* layoutoffset:(h,v)=(0.0pt,0.0pt)
* modes: 
* h-part:(L,W,R)=(92.14519pt, 430.00462pt, 92.14519pt)
* v-part:(T,H,B)=(95.39737pt, 556.47656pt, 143.09605pt)
* \paperwidth=614.295pt
* \paperheight=794.96999pt
* \textwidth=430.00462pt
* \textheight=556.47656pt
* \oddsidemargin=19.8752pt
* \evensidemargin=19.8752pt
* \topmargin=23.12738pt
* \headheight=0.0pt
* \headsep=0.0pt
* \topskip=12.0pt
* \footskip=30.0pt
* \marginparwidth=44.0pt
* \marginparsep=10.0pt
* \columnsep=10.0pt
* \skip\footins=10.8pt plus 4.0pt minus 2.0pt
* \hoffset=0.0pt
* \voffset=0.0pt
* \mag=1000
* \@twocolumnfalse
* \@twosidefalse
* \@mparswitchfalse
* \@reversemarginfalse
* (1in=72.27pt=25.4mm, 1cm=28.453pt)

ptm-font_in_spiemancls
12pt
LaTeX Font Info:    Trying to load font information for T1+phv on input line 39
.
(C:\Users\xbb16146\AppData\Local\Programs\MiKTeX\tex/latex/psnfss\t1phv.fd
File: t1phv.fd 2020/03/25 scalable font definitions for T1/phv.
)
[1

{C:/Users/xbb16146/AppData/Local/MiKTeX/fonts/map/pdftex/pdftex.map}]
Overfull \hbox (12.11934pt too wide) in paragraph at lines 100--101
\T1/ptm/m/n/12 Since their invention in the late 1980s, optical tweezers have f
ound application in experiments
 []


Overfull \hbox (10.82303pt too wide) in paragraph at lines 100--101
\T1/ptm/m/n/12 ranging from single molecule biophysics[] to testing the fundame
ntal assumptions of quantum
 []


Overfull \hbox (0.32274pt too wide) in paragraph at lines 100--101
\T1/ptm/m/n/12 further structural, dynamic and chemical characterisation of com
plex trapped entities could
 []


Overfull \hbox (5.54242pt too wide) in paragraph at lines 100--101
\T1/ptm/m/n/12 characterisation of trapped objects, while dynamical characteris
ation has been demonstrated
 []


Overfull \hbox (3.08278pt too wide) in paragraph at lines 102--103
\T1/ptm/m/n/12 information, structural information about the trapped bead was n
ot available as the scattered
 []

[2]
Overfull \hbox (10.18326pt too wide) in paragraph at lines 104--105
\T1/ptm/m/n/12 approach that expands on the previous approaches[][] to detect s
cattered light simultaneously
 []

[3]
Overfull \hbox (12.29568pt too wide) in paragraph at lines 106--107
[]\T1/ptm/m/n/12 To demonstrate this approach, we study an anisotropic scatteri
ng entity i.e. an asymmetric
 []

<./Images/fig1a.png, id=97, 924.45375pt x 618.31pt>
File: ./Images/fig1a.png Graphic file (type png)
<use ./Images/fig1a.png>
Package pdftex.def Info: ./Images/fig1a.png  used on input line 111.
(pdftex.def)             Requested size: 156.49207pt x 156.49234pt.
<./Images/fig1b.png, id=99, 1083.04625pt x 687.56876pt>
File: ./Images/fig1b.png Graphic file (type png)
<use ./Images/fig1b.png>
Package pdftex.def Info: ./Images/fig1b.png  used on input line 114.
(pdftex.def)             Requested size: 156.48405pt x 156.49033pt.

LaTeX Warning: `h' float specifier changed to `ht'.

[4]
<./Images/fig2a.png, id=115, 714.67pt x 608.2725pt>
File: ./Images/fig2a.png Graphic file (type png)
<use ./Images/fig2a.png>
Package pdftex.def Info: ./Images/fig2a.png  used on input line 136.
(pdftex.def)             Requested size: 156.49014pt x 133.18922pt.
<./Images/fig2b.png, id=116, 430.60875pt x 296.10625pt>
File: ./Images/fig2b.png Graphic file (type png)
<use ./Images/fig2b.png>
Package pdftex.def Info: ./Images/fig2b.png  used on input line 140.
(pdftex.def)             Requested size: 156.49014pt x 107.61024pt.
 [5 <./Images/fig1a.png> <./Images/fig1b.png> <./Images/fig2a.png> <./Images/fi
g2b.png>] [6]
<./Images/fig3a.png, id=141, 462.528pt x 346.896pt>
File: ./Images/fig3a.png Graphic file (type png)
<use ./Images/fig3a.png>
Package pdftex.def Info: ./Images/fig3a.png  used on input line 162.
(pdftex.def)             Requested size: 156.49014pt x 117.3661pt.
<./Images/fig3b.png, id=142, 462.528pt x 346.896pt>
File: ./Images/fig3b.png Graphic file (type png)
<use ./Images/fig3b.png>
Package pdftex.def Info: ./Images/fig3b.png  used on input line 166.
(pdftex.def)             Requested size: 156.49014pt x 117.3661pt.

Overfull \hbox (8.18277pt too wide) in paragraph at lines 172--175
\T1/ptm/m/it/12 learn \T1/ptm/m/n/12 to build a neural network for identifying 
the dimer's orientation from its light scattering
 []


Overfull \hbox (5.66263pt too wide) in paragraph at lines 172--175
\T1/ptm/m/n/12 calculating the corresponding light scattering signals, and then
 using the network to estimate
 []

[7 <./Images/fig3a.png> <./Images/fig3b.png>]
Overfull \hbox (16.1597pt too wide) in paragraph at lines 182--187
\T1/ptm/m/n/12 where $\OML/cmm/m/it/12 p\OT1/cmr/m/n/12 ([])$ \T1/ptm/m/n/12 an
d $\OML/cmm/m/it/12 p\OT1/cmr/m/n/12 (\OML/cmm/m/it/12 y[]; y[]; y[]\OT1/cmr/m/
n/12 )$ \T1/ptm/m/n/12 are the prior estimates of the distributions of particle
 orientations
 []


Overfull \hbox (2.24162pt too wide) in paragraph at lines 201--202
\T1/ptm/m/n/12 by comparing the reference orientation closest to $[]$, denoted 
as $[]$, with the most probable
 []

[8] [9]
<./Images/fig4a.png, id=178, 268.8444pt x 210.3057pt>
File: ./Images/fig4a.png Graphic file (type png)
<use ./Images/fig4a.png>
Package pdftex.def Info: ./Images/fig4a.png  used on input line 246.
(pdftex.def)             Requested size: 156.49014pt x 122.4138pt.
<./Images/fig4b.png, id=179, 281.853pt x 258.7266pt>
File: ./Images/fig4b.png Graphic file (type png)
<use ./Images/fig4b.png>
Package pdftex.def Info: ./Images/fig4b.png  used on input line 250.
(pdftex.def)             Requested size: 156.49014pt x 143.65416pt.


LaTeX Warning: `h' float specifier changed to `ht'.

[10] [11 <./Images/fig4a.png> <./Images/fig4b.png>]
Overfull \hbox (3.86996pt too wide) in paragraph at lines 265--266
\T1/ptm/m/n/12 estimate of the dimer's instantaneous orientation $[]$. To visua
lise the model's performance
 []


Overfull \hbox (16.52985pt too wide) in paragraph at lines 265--266
\T1/ptm/m/n/12 we plotted the radial distance between our estimation $[]$ and t
he dimer's \T1/ptm/m/it/12 actual \T1/ptm/m/n/12 instantaneous
 []


Overfull \hbox (10.32278pt too wide) in paragraph at lines 265--266
\T1/ptm/m/n/12 dotted line indicates the maximum radian distance ($\OT1/cmr/m/n
/12 0\OML/cmm/m/it/12 :\OT1/cmr/m/n/12 896$ \T1/ptm/m/n/12 radians) between two
 \T1/ptm/m/it/12 neighbouring
 []

<./Images/fig5.png, id=203, 578.16pt x 433.62pt>
File: ./Images/fig5.png Graphic file (type png)
<use ./Images/fig5.png>
Package pdftex.def Info: ./Images/fig5.png  used on input line 269.
(pdftex.def)             Requested size: 215.0023pt x 161.25072pt.

LaTeX Warning: `h' float specifier changed to `ht'.


Overfull \hbox (7.0544pt too wide) in paragraph at lines 274--275
\T1/ptm/m/n/12 between scattering signals from two different orientations, and 
their separation in orientation
 []


Overfull \hbox (10.84746pt too wide) in paragraph at lines 274--275
\T1/ptm/m/n/12 space: even a large change in orientation can involve a small ch
ange in scattering. Combining
 []

[12]
<./Images/fig8a.png, id=213, 578.16pt x 433.62pt>
File: ./Images/fig8a.png Graphic file (type png)
<use ./Images/fig8a.png>
Package pdftex.def Info: ./Images/fig8a.png  used on input line 289.
(pdftex.def)             Requested size: 156.49014pt x 117.36346pt.


LaTeX Warning: `h' float specifier changed to `ht'.

[13 <./Images/fig5.png>]
Overfull \hbox (18.65254pt too wide) in paragraph at lines 309--315
\T1/ptm/m/n/12 time step. The greater the value of $\OML/cmm/m/it/12 F\OT1/cmr/
m/n/12 (\OML/cmm/m/it/12 K[]\OT1/cmr/m/n/12 )$\T1/ptm/m/n/12 , the better our m
odel's confidence is in characterising
 []

[14 <./Images/fig8a.png>]
<./Images/fig7a.png, id=240, 641.7576pt x 479.8728pt>
File: ./Images/fig7a.png Graphic file (type png)
<use ./Images/fig7a.png>
Package pdftex.def Info: ./Images/fig7a.png  used on input line 326.
(pdftex.def)             Requested size: 156.49014pt x 117.0097pt.
<./Images/fig7b.png, id=241, 462.528pt x 346.896pt>
File: ./Images/fig7b.png Graphic file (type png)
<use ./Images/fig7b.png>
Package pdftex.def Info: ./Images/fig7b.png  used on input line 330.
(pdftex.def)             Requested size: 156.49014pt x 117.3661pt.
 [15 <./Images/fig7a.png> <./Images/fig7b.png>]
File: ./Images/fig8a.png Graphic file (type png)
<use ./Images/fig8a.png>
Package pdftex.def Info: ./Images/fig8a.png  used on input line 351.
(pdftex.def)             Requested size: 156.49014pt x 117.36346pt.

Overfull \hbox (14.58784pt too wide) in paragraph at lines 351--352
[][] 
 []

<./Images/fig8b.png, id=251, 578.16pt x 433.62pt>
File: ./Images/fig8b.png Graphic file (type png)
<use ./Images/fig8b.png>
Package pdftex.def Info: ./Images/fig8b.png  used on input line 355.
(pdftex.def)             Requested size: 156.49014pt x 117.36346pt.

Overfull \hbox (23.18977pt too wide) in paragraph at lines 355--356
[][] 
 []

<./Images/fig8c.png, id=252, 578.16pt x 433.62pt>
File: ./Images/fig8c.png Graphic file (type png)
<use ./Images/fig8c.png>
Package pdftex.def Info: ./Images/fig8c.png  used on input line 359.
(pdftex.def)             Requested size: 156.49014pt x 117.36346pt.

Overfull \hbox (23.18977pt too wide) in paragraph at lines 359--360
[][] 
 []


Overfull \hbox (2.1923pt too wide) in paragraph at lines 364--365
[]\T1/ptm/m/n/12 As can be seen from Fig [][]8[][] even the slightest change in
 size ratio makes a very significant
 []

[16 <./Images/fig8b.png> <./Images/fig8c.png>]
<./Images/fig9a.png, id=264, 578.16pt x 433.62pt>
File: ./Images/fig9a.png Graphic file (type png)
<use ./Images/fig9a.png>
Package pdftex.def Info: ./Images/fig9a.png  used on input line 370.
(pdftex.def)             Requested size: 156.49014pt x 117.36346pt.

Overfull \hbox (23.18977pt too wide) in paragraph at lines 370--371
[][] 
 []

<./Images/fig9b.png, id=265, 578.16pt x 433.62pt>
File: ./Images/fig9b.png Graphic file (type png)
<use ./Images/fig9b.png>
Package pdftex.def Info: ./Images/fig9b.png  used on input line 374.
(pdftex.def)             Requested size: 156.49014pt x 117.36346pt.

Overfull \hbox (23.18977pt too wide) in paragraph at lines 374--375
[][] 
 []

<./Images/fig9c.png, id=266, 578.16pt x 433.62pt>
File: ./Images/fig9c.png Graphic file (type png)
<use ./Images/fig9c.png>
Package pdftex.def Info: ./Images/fig9c.png  used on input line 378.
(pdftex.def)             Requested size: 156.49014pt x 117.36346pt.

Overfull \hbox (23.18977pt too wide) in paragraph at lines 378--379
[][] 
 []

[17 <./Images/fig9a.png> <./Images/fig9b.png> <./Images/fig9c.png>]
<./Images/fig10a.png, id=276, 578.16pt x 433.62pt>
File: ./Images/fig10a.png Graphic file (type png)
<use ./Images/fig10a.png>
Package pdftex.def Info: ./Images/fig10a.png  used on input line 399.
(pdftex.def)             Requested size: 156.49014pt x 117.36346pt.

Overfull \hbox (18.88553pt too wide) in paragraph at lines 399--400
[][] 
 []

<./Images/fig10b.png, id=277, 578.16pt x 433.62pt>
File: ./Images/fig10b.png Graphic file (type png)
<use ./Images/fig10b.png>
Package pdftex.def Info: ./Images/fig10b.png  used on input line 403.
(pdftex.def)             Requested size: 156.49014pt x 117.36346pt.

Overfull \hbox (18.88553pt too wide) in paragraph at lines 403--404
[][] 
 []

<./Images/fig10c.png, id=278, 578.16pt x 433.62pt>
File: ./Images/fig10c.png Graphic file (type png)
<use ./Images/fig10c.png>
Package pdftex.def Info: ./Images/fig10c.png  used on input line 407.
(pdftex.def)             Requested size: 156.49014pt x 117.36346pt.

Overfull \hbox (18.88553pt too wide) in paragraph at lines 407--408
[][] 
 []

[18 <./Images/fig10a.png> <./Images/fig10b.png> <./Images/fig10c.png>]
<./Images/fig11a.png, id=289, 578.16pt x 433.62pt>
File: ./Images/fig11a.png Graphic file (type png)
<use ./Images/fig11a.png>
Package pdftex.def Info: ./Images/fig11a.png  used on input line 421.
(pdftex.def)             Requested size: 156.49014pt x 117.36346pt.

Overfull \hbox (18.88553pt too wide) in paragraph at lines 421--422
[][] 
 []

<./Images/fig11b.png, id=290, 578.16pt x 433.62pt>
File: ./Images/fig11b.png Graphic file (type png)
<use ./Images/fig11b.png>
Package pdftex.def Info: ./Images/fig11b.png  used on input line 425.
(pdftex.def)             Requested size: 156.49014pt x 117.36346pt.

Overfull \hbox (18.88553pt too wide) in paragraph at lines 425--426
[][] 
 []

<./Images/fig11c.png, id=291, 578.16pt x 433.62pt>
File: ./Images/fig11c.png Graphic file (type png)
<use ./Images/fig11c.png>
Package pdftex.def Info: ./Images/fig11c.png  used on input line 429.
(pdftex.def)             Requested size: 156.49014pt x 117.36346pt.

Overfull \hbox (18.88553pt too wide) in paragraph at lines 429--430
[][] 
 []


Overfull \hbox (2.83098pt too wide) in paragraph at lines 436--437
\T1/ptm/m/n/12 problem somewhat by employing a relatively small finite number o
f 'reference orientations'
 []

[19 <./Images/fig11a.png> <./Images/fig11b.png> <./Images/fig11c.png>]
Overfull \hbox (0.65971pt too wide) in paragraph at lines 443--444
\T1/ptm/m/n/12 Bayesian inference based on neural network estimation of the map
ping provides a powerful
 []

[20]
Underfull \hbox (badness 10000) in paragraph at lines 448--449

 []


Underfull \hbox (badness 10000) in paragraph at lines 450--451

 []

(Manuscript_Spie.bbl [21]
Underfull \hbox (badness 1270) in paragraph at lines 61--64
[]\T1/ptm/m/n/12 C. Hu, M. W. Chung, X. C. Shan, H. R. Abbas, and Y. Haw, ``Con
focal
 []

) [22]
Overfull \hbox (25.56628pt too wide) in alignment at lines 512--512
[][][][] 
 []


LaTeX Warning: `h' float specifier changed to `ht'.

[23

]
Overfull \hbox (69.02486pt too wide) in paragraph at lines 522--559
 [] 
 []


LaTeX Warning: `h' float specifier changed to `ht'.

[24] [25] (Manuscript_Spie.aux)
Package rerunfilecheck Info: File `Manuscript_Spie.out' has not changed.
(rerunfilecheck)             Checksum: 722343ED214FA3958073F1D046172D8C;2035.
 ) 
Here is how much of TeX's memory you used:
 16304 strings out of 475385
 285645 string characters out of 2775491
 711906 words of memory out of 3000000
 37297 multiletter control sequences out of 15000+600000
 513617 words of font info for 77 fonts, out of 8000000 for 9000
 1141 hyphenation exceptions out of 8191
 110i,19n,106p,1972b,707s stack positions out of 10000i,1000n,20000p,200000b,80000s
{C:/Users/xbb16146/AppData/Local/Programs/MiKTeX/fonts/enc/dvips/base/8r.enc}
<C:/Users/xbb16146/AppData/Local/Programs/MiKTeX/fonts/type1/public/amsfonts/cm
/cmbx12.pfb><C:/Users/xbb16146/AppData/Local/Programs/MiKTeX/fonts/type1/public
/amsfonts/cm/cmbx8.pfb><C:/Users/xbb16146/AppData/Local/Programs/MiKTeX/fonts/t
ype1/public/amsfonts/cm/cmex10.pfb><C:/Users/xbb16146/AppData/Local/Programs/Mi
KTeX/fonts/type1/public/amsfonts/cm/cmmi10.pfb><C:/Users/xbb16146/AppData/Local
/Programs/MiKTeX/fonts/type1/public/amsfonts/cm/cmmi12.pfb><C:/Users/xbb16146/A
ppData/Local/Programs/MiKTeX/fonts/type1/public/amsfonts/cm/cmmi6.pfb><C:/Users
/xbb16146/AppData/Local/Programs/MiKTeX/fonts/type1/public/amsfonts/cm/cmmi8.pf
b><C:/Users/xbb16146/AppData/Local/Programs/MiKTeX/fonts/type1/public/amsfonts/
cm/cmr12.pfb><C:/Users/xbb16146/AppData/Local/Programs/MiKTeX/fonts/type1/publi
c/amsfonts/cm/cmr6.pfb><C:/Users/xbb16146/AppData/Local/Programs/MiKTeX/fonts/t
ype1/public/amsfonts/cm/cmr8.pfb><C:/Users/xbb16146/AppData/Local/Programs/MiKT
eX/fonts/type1/public/amsfonts/cm/cmsy10.pfb><C:/Users/xbb16146/AppData/Local/P
rograms/MiKTeX/fonts/type1/public/amsfonts/cm/cmsy8.pfb><C:/Users/xbb16146/AppD
ata/Local/Programs/MiKTeX/fonts/type1/urw/helvetic/uhvr8a.pfb><C:/Users/xbb1614
6/AppData/Local/Programs/MiKTeX/fonts/type1/urw/times/utmb8a.pfb><C:/Users/xbb1
6146/AppData/Local/Programs/MiKTeX/fonts/type1/urw/times/utmr8a.pfb><C:/Users/x
bb16146/AppData/Local/Programs/MiKTeX/fonts/type1/urw/times/utmri8a.pfb>
Output written on Manuscript_Spie.pdf (25 pages, 1500521 bytes).
PDF statistics:
 416 PDF objects out of 1000 (max. 8388607)
 80 named destinations out of 1000 (max. 500000)
 204 words of extra memory for PDF output out of 10000 (max. 10000000)

